augustus/3.2.3_Perl5.24.1 : If you see errors about not being able to write to an augustus directory, see 'module help augustus/3.2.3_Perl5.24.1'
blast/2.2.31+ : the old-format NCBI blast databases are no longer updated after September 2019, use blast/2.9.0+ to search the latest NCBI databases
GeneMark/4.33-es_Perl5.24.1 : A recent key file is needed to use this software and it must exist in your home directory. See 'module help GeneMark/4.33-es_Perl5.24.1'
augustus/3.2.3_Perl5.24.1 : If you see errors about not being able to write to an augustus directory, see 'module help augustus/3.2.3_Perl5.24.1'

The following have been reloaded with a version change:
  1) blast/2.2.31+ => blast/2.9.0+

GeneMark/4.33-es_Perl5.24.1 : A recent key file is needed to use this software and it must exist in your home directory. See 'module help GeneMark/4.33-es_Perl5.24.1'
Unknown option: min_contig
# Mon May  3 16:06:22 2021: Logfile: /domus/h1/allu5328/Documents/genome_analysis/project/Analyses/12_braker/braker_test/braker/Durian/braker.log!
Use of uninitialized value $gLocus in hash element at /sw/bioinfo/braker/2.1.1/snowy/braker.pl line 1068, <GENOME> line 1.
Use of uninitialized value $gLocus in hash element at /sw/bioinfo/braker/2.1.1/snowy/braker.pl line 1069, <GENOME> line 1.
Use of uninitialized value $gLocus in hash element at /sw/bioinfo/braker/2.1.1/snowy/braker.pl line 1068, <GENOME> line 2.
Use of uninitialized value $gLocus in hash element at /sw/bioinfo/braker/2.1.1/snowy/braker.pl line 1071, <GENOME> line 2.
Use of uninitialized value $gLocus in hash element at /sw/bioinfo/braker/2.1.1/snowy/braker.pl line 1068, <GENOME> line 3.
Use of uninitialized value $gLocus in hash element at /sw/bioinfo/braker/2.1.1/snowy/braker.pl line 1071, <GENOME> line 3.
Use of uninitialized value $gLocus in hash element at /sw/bioinfo/braker/2.1.1/snowy/braker.pl line 1068, <GENOME> line 4.
Use of uninitialized value $gLocus in hash element at /sw/bioinfo/braker/2.1.1/snowy/braker.pl line 1071, <GENOME> line 4.
Use of uninitialized value $gLocus in hash element at /sw/bioinfo/braker/2.1.1/snowy/braker.pl line 1068, <GENOME> line 5.
Use of uninitialized value $gLocus in hash element at /sw/bioinfo/braker/2.1.1/snowy/braker.pl line 1071, <GENOME> line 5.
Use of uninitialized value $gLocus in hash element at /sw/bioinfo/braker/2.1.1/snowy/braker.pl line 1068, <GENOME> line 6.
Use of uninitialized value $gLocus in hash element at /sw/bioinfo/braker/2.1.1/snowy/braker.pl line 1071, <GENOME> line 6.
Use of uninitialized value $gLocus in hash element at /sw/bioinfo/braker/2.1.1/snowy/braker.pl line 1068, <GENOME> line 7.
Use of uninitialized value $gLocus in hash element at /sw/bioinfo/braker/2.1.1/snowy/braker.pl line 1071, <GENOME> line 7.
Use of uninitialized value $gLocus in hash element at /sw/bioinfo/braker/2.1.1/snowy/braker.pl line 1068, <GENOME> line 8.
Use of uninitialized value $gLocus in hash element at /sw/bioinfo/braker/2.1.1/snowy/braker.pl line 1071, <GENOME> line 8.
Use of uninitialized value $gLocus in hash element at /sw/bioinfo/braker/2.1.1/snowy/braker.pl line 1068, <GENOME> line 9.
Use of uninitialized value $gLocus in hash element at /sw/bioinfo/braker/2.1.1/snowy/braker.pl line 1071, <GENOME> line 9.
Use of uninitialized value $gLocus in hash element at /sw/bioinfo/braker/2.1.1/snowy/braker.pl line 1068, <GENOME> line 10.
Use of uninitialized value $gLocus in hash element at /sw/bioinfo/braker/2.1.1/snowy/braker.pl line 1071, <GENOME> line 10.
Use of uninitialized value $gLocus in hash element at /sw/bioinfo/braker/2.1.1/snowy/braker.pl line 1068, <GENOME> line 11.
Use of uninitialized value $gLocus in hash element at /sw/bioinfo/braker/2.1.1/snowy/braker.pl line 1071, <GENOME> line 11.
Use of uninitialized value $gLocus in hash element at /sw/bioinfo/braker/2.1.1/snowy/braker.pl line 1068, <GENOME> line 12.
Use of uninitialized value $gLocus in hash element at /sw/bioinfo/braker/2.1.1/snowy/braker.pl line 1071, <GENOME> line 12.
Use of uninitialized value $gLocus in hash element at /sw/bioinfo/braker/2.1.1/snowy/braker.pl line 1068, <GENOME> line 13.
Use of uninitialized value $gLocus in hash element at /sw/bioinfo/braker/2.1.1/snowy/braker.pl line 1071, <GENOME> line 13.
Use of uninitialized value $gLocus in hash element at /sw/bioinfo/braker/2.1.1/snowy/braker.pl line 1068, <GENOME> line 14.
Use of uninitialized value $gLocus in hash element at /sw/bioinfo/braker/2.1.1/snowy/braker.pl line 1071, <GENOME> line 14.
Use of uninitialized value $gLocus in hash element at /sw/bioinfo/braker/2.1.1/snowy/braker.pl line 1068, <GENOME> line 15.
Use of uninitialized value $gLocus in hash element at /sw/bioinfo/braker/2.1.1/snowy/braker.pl line 1071, <GENOME> line 15.
Use of uninitialized value $gLocus in hash element at /sw/bioinfo/braker/2.1.1/snowy/braker.pl line 1068, <GENOME> line 16.
Use of uninitialized value $gLocus in hash element at /sw/bioinfo/braker/2.1.1/snowy/braker.pl line 1071, <GENOME> line 16.
Use of uninitialized value $gLocus in hash element at /sw/bioinfo/braker/2.1.1/snowy/braker.pl line 1068, <GENOME> line 17.
Use of uninitialized value $gLocus in hash element at /sw/bioinfo/braker/2.1.1/snowy/braker.pl line 1071, <GENOME> line 17.
Use of uninitialized value $gLocus in hash element at /sw/bioinfo/braker/2.1.1/snowy/braker.pl line 1068, <GENOME> line 18.
Use of uninitialized value $gLocus in hash element at /sw/bioinfo/braker/2.1.1/snowy/braker.pl line 1071, <GENOME> line 18.
Use of uninitialized value $gLocus in hash element at /sw/bioinfo/braker/2.1.1/snowy/braker.pl line 1068, <GENOME> line 19.
Use of uninitialized value $gLocus in hash element at /sw/bioinfo/braker/2.1.1/snowy/braker.pl line 1071, <GENOME> line 19.
Use of uninitialized value $gLocus in hash element at /sw/bioinfo/braker/2.1.1/snowy/braker.pl line 1068, <GENOME> line 20.
Use of uninitialized value $gLocus in hash element at /sw/bioinfo/braker/2.1.1/snowy/braker.pl line 1071, <GENOME> line 20.
Use of uninitialized value $gLocus in hash element at /sw/bioinfo/braker/2.1.1/snowy/braker.pl line 1068, <GENOME> line 21.
Use of uninitialized value $gLocus in hash element at /sw/bioinfo/braker/2.1.1/snowy/braker.pl line 1071, <GENOME> line 21.
Use of uninitialized value $gLocus in hash element at /sw/bioinfo/braker/2.1.1/snowy/braker.pl line 1068, <GENOME> line 22.
Use of uninitialized value $gLocus in hash element at /sw/bioinfo/braker/2.1.1/snowy/braker.pl line 1071, <GENOME> line 22.
Use of uninitialized value $gLocus in hash element at /sw/bioinfo/braker/2.1.1/snowy/braker.pl line 1068, <GENOME> line 23.
Use of uninitialized value $gLocus in hash element at /sw/bioinfo/braker/2.1.1/snowy/braker.pl line 1071, <GENOME> line 23.
Use of uninitialized value $gLocus in hash element at /sw/bioinfo/braker/2.1.1/snowy/braker.pl line 1068, <GENOME> line 24.
Use of uninitialized value $gLocus in hash element at /sw/bioinfo/braker/2.1.1/snowy/braker.pl line 1071, <GENOME> line 24.
Use of uninitialized value $gLocus in hash element at /sw/bioinfo/braker/2.1.1/snowy/braker.pl line 1068, <GENOME> line 25.
Use of uninitialized value $gLocus in hash element at /sw/bioinfo/braker/2.1.1/snowy/braker.pl line 1071, <GENOME> line 25.
Use of uninitialized value $gLocus in hash element at /sw/bioinfo/braker/2.1.1/snowy/braker.pl line 1068, <GENOME> line 26.
Use of uninitialized value $gLocus in hash element at /sw/bioinfo/braker/2.1.1/snowy/braker.pl line 1071, <GENOME> line 26.
Use of uninitialized value $gLocus in hash element at /sw/bioinfo/braker/2.1.1/snowy/braker.pl line 1068, <GENOME> line 27.
Use of uninitialized value $gLocus in hash element at /sw/bioinfo/braker/2.1.1/snowy/braker.pl line 1071, <GENOME> line 27.
Use of uninitialized value $gLocus in hash element at /sw/bioinfo/braker/2.1.1/snowy/braker.pl line 1068, <GENOME> line 28.
Use of uninitialized value $gLocus in hash element at /sw/bioinfo/braker/2.1.1/snowy/braker.pl line 1071, <GENOME> line 28.
Use of uninitialized value $gLocus in hash element at /sw/bioinfo/braker/2.1.1/snowy/braker.pl line 1068, <GENOME> line 29.
Use of uninitialized value $gLocus in hash element at /sw/bioinfo/braker/2.1.1/snowy/braker.pl line 1071, <GENOME> line 29.
Use of uninitialized value $gLocus in hash element at /sw/bioinfo/braker/2.1.1/snowy/braker.pl line 1068, <GENOME> line 30.
Use of uninitialized value $gLocus in hash element at /sw/bioinfo/braker/2.1.1/snowy/braker.pl line 1071, <GENOME> line 30.
Use of uninitialized value $gLocus in hash element at /sw/bioinfo/braker/2.1.1/snowy/braker.pl line 1068, <GENOME> line 31.
Use of uninitialized value $gLocus in hash element at /sw/bioinfo/braker/2.1.1/snowy/braker.pl line 1071, <GENOME> line 31.
Use of uninitialized value $gLocus in hash element at /sw/bioinfo/braker/2.1.1/snowy/braker.pl line 1068, <GENOME> line 32.
Use of uninitialized value $gLocus in hash element at /sw/bioinfo/braker/2.1.1/snowy/braker.pl line 1071, <GENOME> line 32.
Use of uninitialized value $gLocus in hash element at /sw/bioinfo/braker/2.1.1/snowy/braker.pl line 1068, <GENOME> line 33.
Use of uninitialized value $gLocus in hash element at /sw/bioinfo/braker/2.1.1/snowy/braker.pl line 1071, <GENOME> line 33.
Use of uninitialized value $gLocus in hash element at /sw/bioinfo/braker/2.1.1/snowy/braker.pl line 1068, <GENOME> line 34.
Use of uninitialized value $gLocus in hash element at /sw/bioinfo/braker/2.1.1/snowy/braker.pl line 1071, <GENOME> line 34.
Use of uninitialized value $gLocus in hash element at /sw/bioinfo/braker/2.1.1/snowy/braker.pl line 1068, <GENOME> line 35.
Use of uninitialized value $gLocus in hash element at /sw/bioinfo/braker/2.1.1/snowy/braker.pl line 1071, <GENOME> line 35.
Use of uninitialized value $gLocus in hash element at /sw/bioinfo/braker/2.1.1/snowy/braker.pl line 1068, <GENOME> line 36.
Use of uninitialized value $gLocus in hash element at /sw/bioinfo/braker/2.1.1/snowy/braker.pl line 1071, <GENOME> line 36.
Use of uninitialized value $gLocus in hash element at /sw/bioinfo/braker/2.1.1/snowy/braker.pl line 1068, <GENOME> line 37.
Use of uninitialized value $gLocus in hash element at /sw/bioinfo/braker/2.1.1/snowy/braker.pl line 1071, <GENOME> line 37.
Use of uninitialized value $gLocus in hash element at /sw/bioinfo/braker/2.1.1/snowy/braker.pl line 1068, <GENOME> line 38.
Use of uninitialized value $gLocus in hash element at /sw/bioinfo/braker/2.1.1/snowy/braker.pl line 1071, <GENOME> line 38.
Use of uninitialized value $gLocus in hash element at /sw/bioinfo/braker/2.1.1/snowy/braker.pl line 1068, <GENOME> line 39.
Use of uninitialized value $gLocus in hash element at /sw/bioinfo/braker/2.1.1/snowy/braker.pl line 1071, <GENOME> line 39.
Use of uninitialized value $gLocus in hash element at /sw/bioinfo/braker/2.1.1/snowy/braker.pl line 1068, <GENOME> line 40.
Use of uninitialized value $gLocus in hash element at /sw/bioinfo/braker/2.1.1/snowy/braker.pl line 1071, <GENOME> line 40.
Use of uninitialized value $gLocus in hash element at /sw/bioinfo/braker/2.1.1/snowy/braker.pl line 1068, <GENOME> line 41.
Use of uninitialized value $gLocus in hash element at /sw/bioinfo/braker/2.1.1/snowy/braker.pl line 1071, <GENOME> line 41.
Use of uninitialized value $gLocus in hash element at /sw/bioinfo/braker/2.1.1/snowy/braker.pl line 1068, <GENOME> line 42.
Use of uninitialized value $gLocus in hash element at /sw/bioinfo/braker/2.1.1/snowy/braker.pl line 1071, <GENOME> line 42.
Use of uninitialized value $gLocus in hash element at /sw/bioinfo/braker/2.1.1/snowy/braker.pl line 1068, <GENOME> line 43.
Use of uninitialized value $gLocus in hash element at /sw/bioinfo/braker/2.1.1/snowy/braker.pl line 1071, <GENOME> line 43.
Use of uninitialized value $gLocus in hash element at /sw/bioinfo/braker/2.1.1/snowy/braker.pl line 1068, <GENOME> line 44.
Use of uninitialized value $gLocus in hash element at /sw/bioinfo/braker/2.1.1/snowy/braker.pl line 1071, <GENOME> line 44.
Use of uninitialized value $gLocus in hash element at /sw/bioinfo/braker/2.1.1/snowy/braker.pl line 1068, <GENOME> line 45.
Use of uninitialized value $gLocus in hash element at /sw/bioinfo/braker/2.1.1/snowy/braker.pl line 1071, <GENOME> line 45.
Use of uninitialized value $gLocus in hash element at /sw/bioinfo/braker/2.1.1/snowy/braker.pl line 1068, <GENOME> line 46.
Use of uninitialized value $gLocus in hash element at /sw/bioinfo/braker/2.1.1/snowy/braker.pl line 1071, <GENOME> line 46.
Use of uninitialized value $gLocus in hash element at /sw/bioinfo/braker/2.1.1/snowy/braker.pl line 1068, <GENOME> line 47.
Use of uninitialized value $gLocus in hash element at /sw/bioinfo/braker/2.1.1/snowy/braker.pl line 1071, <GENOME> line 47.
Use of uninitialized value $gLocus in hash element at /sw/bioinfo/braker/2.1.1/snowy/braker.pl line 1068, <GENOME> line 48.
Use of uninitialized value $gLocus in hash element at /sw/bioinfo/braker/2.1.1/snowy/braker.pl line 1071, <GENOME> line 48.
Use of uninitialized value $gLocus in hash element at /sw/bioinfo/braker/2.1.1/snowy/braker.pl line 1068, <GENOME> line 49.
Use of uninitialized value $gLocus in hash element at /sw/bioinfo/braker/2.1.1/snowy/braker.pl line 1071, <GENOME> line 49.
Use of uninitialized value $gLocus in hash element at /sw/bioinfo/braker/2.1.1/snowy/braker.pl line 1068, <GENOME> line 50.
Use of uninitialized value $gLocus in hash element at /sw/bioinfo/braker/2.1.1/snowy/braker.pl line 1071, <GENOME> line 50.
Use of uninitialized value $gLocus in hash element at /sw/bioinfo/braker/2.1.1/snowy/braker.pl line 1068, <GENOME> line 51.
Use of uninitialized value $gLocus in hash element at /sw/bioinfo/braker/2.1.1/snowy/braker.pl line 1071, <GENOME> line 51.
Use of uninitialized value $gLocus in hash element at /sw/bioinfo/braker/2.1.1/snowy/braker.pl line 1068, <GENOME> line 52.
Use of uninitialized value $gLocus in hash element at /sw/bioinfo/braker/2.1.1/snowy/braker.pl line 1071, <GENOME> line 52.
Use of uninitialized value $gLocus in hash element at /sw/bioinfo/braker/2.1.1/snowy/braker.pl line 1068, <GENOME> line 53.
Use of uninitialized value $gLocus in hash element at /sw/bioinfo/braker/2.1.1/snowy/braker.pl line 1071, <GENOME> line 53.
Use of uninitialized value $gLocus in hash element at /sw/bioinfo/braker/2.1.1/snowy/braker.pl line 1068, <GENOME> line 54.
Use of uninitialized value $gLocus in hash element at /sw/bioinfo/braker/2.1.1/snowy/braker.pl line 1071, <GENOME> line 54.
Use of uninitialized value $gLocus in hash element at /sw/bioinfo/braker/2.1.1/snowy/braker.pl line 1068, <GENOME> line 55.
Use of uninitialized value $gLocus in hash element at /sw/bioinfo/braker/2.1.1/snowy/braker.pl line 1071, <GENOME> line 55.
Use of uninitialized value $gLocus in hash element at /sw/bioinfo/braker/2.1.1/snowy/braker.pl line 1068, <GENOME> line 56.
Use of uninitialized value $gLocus in hash element at /sw/bioinfo/braker/2.1.1/snowy/braker.pl line 1071, <GENOME> line 56.
Use of uninitialized value $gLocus in hash element at /sw/bioinfo/braker/2.1.1/snowy/braker.pl line 1068, <GENOME> line 57.
Use of uninitialized value $gLocus in hash element at /sw/bioinfo/braker/2.1.1/snowy/braker.pl line 1071, <GENOME> line 57.
Use of uninitialized value $gLocus in hash element at /sw/bioinfo/braker/2.1.1/snowy/braker.pl line 1068, <GENOME> line 58.
Use of uninitialized value $gLocus in hash element at /sw/bioinfo/braker/2.1.1/snowy/braker.pl line 1071, <GENOME> line 58.
Use of uninitialized value $gLocus in hash element at /sw/bioinfo/braker/2.1.1/snowy/braker.pl line 1068, <GENOME> line 59.
Use of uninitialized value $gLocus in hash element at /sw/bioinfo/braker/2.1.1/snowy/braker.pl line 1071, <GENOME> line 59.
Use of uninitialized value $gLocus in hash element at /sw/bioinfo/braker/2.1.1/snowy/braker.pl line 1068, <GENOME> line 60.
Use of uninitialized value $gLocus in hash element at /sw/bioinfo/braker/2.1.1/snowy/braker.pl line 1071, <GENOME> line 60.
Use of uninitialized value $gLocus in hash element at /sw/bioinfo/braker/2.1.1/snowy/braker.pl line 1068, <GENOME> line 61.
Use of uninitialized value $gLocus in hash element at /sw/bioinfo/braker/2.1.1/snowy/braker.pl line 1071, <GENOME> line 61.
Use of uninitialized value $gLocus in hash element at /sw/bioinfo/braker/2.1.1/snowy/braker.pl line 1068, <GENOME> line 62.
Use of uninitialized value $gLocus in hash element at /sw/bioinfo/braker/2.1.1/snowy/braker.pl line 1071, <GENOME> line 62.
Use of uninitialized value $gLocus in hash element at /sw/bioinfo/braker/2.1.1/snowy/braker.pl line 1068, <GENOME> line 63.
Use of uninitialized value $gLocus in hash element at /sw/bioinfo/braker/2.1.1/snowy/braker.pl line 1071, <GENOME> line 63.
Use of uninitialized value $gLocus in hash element at /sw/bioinfo/braker/2.1.1/snowy/braker.pl line 1068, <GENOME> line 64.
Use of uninitialized value $gLocus in hash element at /sw/bioinfo/braker/2.1.1/snowy/braker.pl line 1071, <GENOME> line 64.
Use of uninitialized value $gLocus in hash element at /sw/bioinfo/braker/2.1.1/snowy/braker.pl line 1068, <GENOME> line 65.
Use of uninitialized value $gLocus in hash element at /sw/bioinfo/braker/2.1.1/snowy/braker.pl line 1071, <GENOME> line 65.
Use of uninitialized value $gLocus in hash element at /sw/bioinfo/braker/2.1.1/snowy/braker.pl line 1068, <GENOME> line 66.
Use of uninitialized value $gLocus in hash element at /sw/bioinfo/braker/2.1.1/snowy/braker.pl line 1071, <GENOME> line 66.
Use of uninitialized value $gLocus in hash element at /sw/bioinfo/braker/2.1.1/snowy/braker.pl line 1068, <GENOME> line 67.
Use of uninitialized value $gLocus in hash element at /sw/bioinfo/braker/2.1.1/snowy/braker.pl line 1071, <GENOME> line 67.
Use of uninitialized value $gLocus in hash element at /sw/bioinfo/braker/2.1.1/snowy/braker.pl line 1068, <GENOME> line 68.
Use of uninitialized value $gLocus in hash element at /sw/bioinfo/braker/2.1.1/snowy/braker.pl line 1071, <GENOME> line 68.
Use of uninitialized value $gLocus in hash element at /sw/bioinfo/braker/2.1.1/snowy/braker.pl line 1068, <GENOME> line 69.
Use of uninitialized value $gLocus in hash element at /sw/bioinfo/braker/2.1.1/snowy/braker.pl line 1071, <GENOME> line 69.
Use of uninitialized value $gLocus in hash element at /sw/bioinfo/braker/2.1.1/snowy/braker.pl line 1068, <GENOME> line 70.
Use of uninitialized value $gLocus in hash element at /sw/bioinfo/braker/2.1.1/snowy/braker.pl line 1071, <GENOME> line 70.
Use of uninitialized value $gLocus in hash element at /sw/bioinfo/braker/2.1.1/snowy/braker.pl line 1068, <GENOME> line 71.
Use of uninitialized value $gLocus in hash element at /sw/bioinfo/braker/2.1.1/snowy/braker.pl line 1071, <GENOME> line 71.
Use of uninitialized value $gLocus in hash element at /sw/bioinfo/braker/2.1.1/snowy/braker.pl line 1068, <GENOME> line 72.
Use of uninitialized value $gLocus in hash element at /sw/bioinfo/braker/2.1.1/snowy/braker.pl line 1071, <GENOME> line 72.
Use of uninitialized value $gLocus in hash element at /sw/bioinfo/braker/2.1.1/snowy/braker.pl line 1068, <GENOME> line 73.
Use of uninitialized value $gLocus in hash element at /sw/bioinfo/braker/2.1.1/snowy/braker.pl line 1071, <GENOME> line 73.
Use of uninitialized value $gLocus in hash element at /sw/bioinfo/braker/2.1.1/snowy/braker.pl line 1068, <GENOME> line 74.
Use of uninitialized value $gLocus in hash element at /sw/bioinfo/braker/2.1.1/snowy/braker.pl line 1071, <GENOME> line 74.
Use of uninitialized value $gLocus in hash element at /sw/bioinfo/braker/2.1.1/snowy/braker.pl line 1068, <GENOME> line 75.
Use of uninitialized value $gLocus in hash element at /sw/bioinfo/braker/2.1.1/snowy/braker.pl line 1071, <GENOME> line 75.
Use of uninitialized value $gLocus in hash element at /sw/bioinfo/braker/2.1.1/snowy/braker.pl line 1068, <GENOME> line 76.
Use of uninitialized value $gLocus in hash element at /sw/bioinfo/braker/2.1.1/snowy/braker.pl line 1071, <GENOME> line 76.
Use of uninitialized value $gLocus in hash element at /sw/bioinfo/braker/2.1.1/snowy/braker.pl line 1068, <GENOME> line 77.
Use of uninitialized value $gLocus in hash element at /sw/bioinfo/braker/2.1.1/snowy/braker.pl line 1071, <GENOME> line 77.
Use of uninitialized value $gLocus in hash element at /sw/bioinfo/braker/2.1.1/snowy/braker.pl line 1068, <GENOME> line 78.
Use of uninitialized value $gLocus in hash element at /sw/bioinfo/braker/2.1.1/snowy/braker.pl line 1071, <GENOME> line 78.
Use of uninitialized value $gLocus in hash element at /sw/bioinfo/braker/2.1.1/snowy/braker.pl line 1068, <GENOME> line 79.
Use of uninitialized value $gLocus in hash element at /sw/bioinfo/braker/2.1.1/snowy/braker.pl line 1071, <GENOME> line 79.
Use of uninitialized value $gLocus in hash element at /sw/bioinfo/braker/2.1.1/snowy/braker.pl line 1068, <GENOME> line 80.
Use of uninitialized value $gLocus in hash element at /sw/bioinfo/braker/2.1.1/snowy/braker.pl line 1071, <GENOME> line 80.
Use of uninitialized value $gLocus in hash element at /sw/bioinfo/braker/2.1.1/snowy/braker.pl line 1068, <GENOME> line 81.
Use of uninitialized value $gLocus in hash element at /sw/bioinfo/braker/2.1.1/snowy/braker.pl line 1071, <GENOME> line 81.
Use of uninitialized value $gLocus in hash element at /sw/bioinfo/braker/2.1.1/snowy/braker.pl line 1068, <GENOME> line 82.
Use of uninitialized value $gLocus in hash element at /sw/bioinfo/braker/2.1.1/snowy/braker.pl line 1071, <GENOME> line 82.
Use of uninitialized value $gLocus in hash element at /sw/bioinfo/braker/2.1.1/snowy/braker.pl line 1068, <GENOME> line 83.
Use of uninitialized value $gLocus in hash element at /sw/bioinfo/braker/2.1.1/snowy/braker.pl line 1071, <GENOME> line 83.
Use of uninitialized value $gLocus in hash element at /sw/bioinfo/braker/2.1.1/snowy/braker.pl line 1068, <GENOME> line 84.
Use of uninitialized value $gLocus in hash element at /sw/bioinfo/braker/2.1.1/snowy/braker.pl line 1071, <GENOME> line 84.
Use of uninitialized value $gLocus in hash element at /sw/bioinfo/braker/2.1.1/snowy/braker.pl line 1068, <GENOME> line 85.
Use of uninitialized value $gLocus in hash element at /sw/bioinfo/braker/2.1.1/snowy/braker.pl line 1071, <GENOME> line 85.
Use of uninitialized value $gLocus in hash element at /sw/bioinfo/braker/2.1.1/snowy/braker.pl line 1068, <GENOME> line 86.
Use of uninitialized value $gLocus in hash element at /sw/bioinfo/braker/2.1.1/snowy/braker.pl line 1071, <GENOME> line 86.
Use of uninitialized value $gLocus in hash element at /sw/bioinfo/braker/2.1.1/snowy/braker.pl line 1068, <GENOME> line 87.
Use of uninitialized value $gLocus in hash element at /sw/bioinfo/braker/2.1.1/snowy/braker.pl line 1071, <GENOME> line 87.
Use of uninitialized value $gLocus in hash element at /sw/bioinfo/braker/2.1.1/snowy/braker.pl line 1068, <GENOME> line 88.
Use of uninitialized value $gLocus in hash element at /sw/bioinfo/braker/2.1.1/snowy/braker.pl line 1071, <GENOME> line 88.
Use of uninitialized value $gLocus in hash element at /sw/bioinfo/braker/2.1.1/snowy/braker.pl line 1068, <GENOME> line 89.
Use of uninitialized value $gLocus in hash element at /sw/bioinfo/braker/2.1.1/snowy/braker.pl line 1071, <GENOME> line 89.
Use of uninitialized value $gLocus in hash element at /sw/bioinfo/braker/2.1.1/snowy/braker.pl line 1068, <GENOME> line 90.
Use of uninitialized value $gLocus in hash element at /sw/bioinfo/braker/2.1.1/snowy/braker.pl line 1071, <GENOME> line 90.
Use of uninitialized value $gLocus in hash element at /sw/bioinfo/braker/2.1.1/snowy/braker.pl line 1068, <GENOME> line 91.
Use of uninitialized value $gLocus in hash element at /sw/bioinfo/braker/2.1.1/snowy/braker.pl line 1071, <GENOME> line 91.
Use of uninitialized value $gLocus in hash element at /sw/bioinfo/braker/2.1.1/snowy/braker.pl line 1068, <GENOME> line 92.
Use of uninitialized value $gLocus in hash element at /sw/bioinfo/braker/2.1.1/snowy/braker.pl line 1071, <GENOME> line 92.
Use of uninitialized value $gLocus in hash element at /sw/bioinfo/braker/2.1.1/snowy/braker.pl line 1068, <GENOME> line 93.
Use of uninitialized value $gLocus in hash element at /sw/bioinfo/braker/2.1.1/snowy/braker.pl line 1071, <GENOME> line 93.
Use of uninitialized value $gLocus in hash element at /sw/bioinfo/braker/2.1.1/snowy/braker.pl line 1068, <GENOME> line 94.
Use of uninitialized value $gLocus in hash element at /sw/bioinfo/braker/2.1.1/snowy/braker.pl line 1071, <GENOME> line 94.
Use of uninitialized value $gLocus in hash element at /sw/bioinfo/braker/2.1.1/snowy/braker.pl line 1068, <GENOME> line 95.
Use of uninitialized value $gLocus in hash element at /sw/bioinfo/braker/2.1.1/snowy/braker.pl line 1071, <GENOME> line 95.
Use of uninitialized value $gLocus in hash element at /sw/bioinfo/braker/2.1.1/snowy/braker.pl line 1068, <GENOME> line 96.
Use of uninitialized value $gLocus in hash element at /sw/bioinfo/braker/2.1.1/snowy/braker.pl line 1071, <GENOME> line 96.
Use of uninitialized value $gLocus in hash element at /sw/bioinfo/braker/2.1.1/snowy/braker.pl line 1068, <GENOME> line 97.
Use of uninitialized value $gLocus in hash element at /sw/bioinfo/braker/2.1.1/snowy/braker.pl line 1071, <GENOME> line 97.
Use of uninitialized value $gLocus in hash element at /sw/bioinfo/braker/2.1.1/snowy/braker.pl line 1068, <GENOME> line 98.
Use of uninitialized value $gLocus in hash element at /sw/bioinfo/braker/2.1.1/snowy/braker.pl line 1071, <GENOME> line 98.
Use of uninitialized value $gLocus in hash element at /sw/bioinfo/braker/2.1.1/snowy/braker.pl line 1068, <GENOME> line 99.
Use of uninitialized value $gLocus in hash element at /sw/bioinfo/braker/2.1.1/snowy/braker.pl line 1071, <GENOME> line 99.
Use of uninitialized value $gLocus in hash element at /sw/bioinfo/braker/2.1.1/snowy/braker.pl line 1068, <GENOME> line 100.
Use of uninitialized value $gLocus in hash element at /sw/bioinfo/braker/2.1.1/snowy/braker.pl line 1071, <GENOME> line 100.
Use of uninitialized value $gLocus in hash element at /sw/bioinfo/braker/2.1.1/snowy/braker.pl line 1068, <GENOME> line 101.
Use of uninitialized value $gLocus in hash element at /sw/bioinfo/braker/2.1.1/snowy/braker.pl line 1071, <GENOME> line 101.
Use of uninitialized value $gLocus in hash element at /sw/bioinfo/braker/2.1.1/snowy/braker.pl line 1068, <GENOME> line 102.
Use of uninitialized value $gLocus in hash element at /sw/bioinfo/braker/2.1.1/snowy/braker.pl line 1071, <GENOME> line 102.
Use of uninitialized value $gLocus in hash element at /sw/bioinfo/braker/2.1.1/snowy/braker.pl line 1068, <GENOME> line 103.
Use of uninitialized value $gLocus in hash element at /sw/bioinfo/braker/2.1.1/snowy/braker.pl line 1071, <GENOME> line 103.
Use of uninitialized value $gLocus in hash element at /sw/bioinfo/braker/2.1.1/snowy/braker.pl line 1068, <GENOME> line 104.
Use of uninitialized value $gLocus in hash element at /sw/bioinfo/braker/2.1.1/snowy/braker.pl line 1071, <GENOME> line 104.
Use of uninitialized value $gLocus in hash element at /sw/bioinfo/braker/2.1.1/snowy/braker.pl line 1068, <GENOME> line 105.
Use of uninitialized value $gLocus in hash element at /sw/bioinfo/braker/2.1.1/snowy/braker.pl line 1071, <GENOME> line 105.
Use of uninitialized value $gLocus in hash element at /sw/bioinfo/braker/2.1.1/snowy/braker.pl line 1068, <GENOME> line 106.
Use of uninitialized value $gLocus in hash element at /sw/bioinfo/braker/2.1.1/snowy/braker.pl line 1071, <GENOME> line 106.
Use of uninitialized value $gLocus in hash element at /sw/bioinfo/braker/2.1.1/snowy/braker.pl line 1068, <GENOME> line 107.
Use of uninitialized value $gLocus in hash element at /sw/bioinfo/braker/2.1.1/snowy/braker.pl line 1071, <GENOME> line 107.
Use of uninitialized value $gLocus in hash element at /sw/bioinfo/braker/2.1.1/snowy/braker.pl line 1068, <GENOME> line 108.
Use of uninitialized value $gLocus in hash element at /sw/bioinfo/braker/2.1.1/snowy/braker.pl line 1071, <GENOME> line 108.
Use of uninitialized value $gLocus in hash element at /sw/bioinfo/braker/2.1.1/snowy/braker.pl line 1068, <GENOME> line 109.
Use of uninitialized value $gLocus in hash element at /sw/bioinfo/braker/2.1.1/snowy/braker.pl line 1071, <GENOME> line 109.
Use of uninitialized value $gLocus in hash element at /sw/bioinfo/braker/2.1.1/snowy/braker.pl line 1068, <GENOME> line 110.
Use of uninitialized value $gLocus in hash element at /sw/bioinfo/braker/2.1.1/snowy/braker.pl line 1071, <GENOME> line 110.
Use of uninitialized value $gLocus in hash element at /sw/bioinfo/braker/2.1.1/snowy/braker.pl line 1068, <GENOME> line 111.
Use of uninitialized value $gLocus in hash element at /sw/bioinfo/braker/2.1.1/snowy/braker.pl line 1071, <GENOME> line 111.
Use of uninitialized value $gLocus in hash element at /sw/bioinfo/braker/2.1.1/snowy/braker.pl line 1068, <GENOME> line 112.
Use of uninitialized value $gLocus in hash element at /sw/bioinfo/braker/2.1.1/snowy/braker.pl line 1071, <GENOME> line 112.
Use of uninitialized value $gLocus in hash element at /sw/bioinfo/braker/2.1.1/snowy/braker.pl line 1068, <GENOME> line 113.
Use of uninitialized value $gLocus in hash element at /sw/bioinfo/braker/2.1.1/snowy/braker.pl line 1071, <GENOME> line 113.
Use of uninitialized value $gLocus in hash element at /sw/bioinfo/braker/2.1.1/snowy/braker.pl line 1068, <GENOME> line 114.
Use of uninitialized value $gLocus in hash element at /sw/bioinfo/braker/2.1.1/snowy/braker.pl line 1071, <GENOME> line 114.
Use of uninitialized value $gLocus in hash element at /sw/bioinfo/braker/2.1.1/snowy/braker.pl line 1068, <GENOME> line 115.
Use of uninitialized value $gLocus in hash element at /sw/bioinfo/braker/2.1.1/snowy/braker.pl line 1071, <GENOME> line 115.
Use of uninitialized value $gLocus in hash element at /sw/bioinfo/braker/2.1.1/snowy/braker.pl line 1068, <GENOME> line 116.
Use of uninitialized value $gLocus in hash element at /sw/bioinfo/braker/2.1.1/snowy/braker.pl line 1071, <GENOME> line 116.
Use of uninitialized value $gLocus in hash element at /sw/bioinfo/braker/2.1.1/snowy/braker.pl line 1068, <GENOME> line 117.
Use of uninitialized value $gLocus in hash element at /sw/bioinfo/braker/2.1.1/snowy/braker.pl line 1071, <GENOME> line 117.
Use of uninitialized value $gLocus in hash element at /sw/bioinfo/braker/2.1.1/snowy/braker.pl line 1068, <GENOME> line 118.
Use of uninitialized value $gLocus in hash element at /sw/bioinfo/braker/2.1.1/snowy/braker.pl line 1071, <GENOME> line 118.
Use of uninitialized value $gLocus in hash element at /sw/bioinfo/braker/2.1.1/snowy/braker.pl line 1068, <GENOME> line 119.
Use of uninitialized value $gLocus in hash element at /sw/bioinfo/braker/2.1.1/snowy/braker.pl line 1071, <GENOME> line 119.
Use of uninitialized value $gLocus in hash element at /sw/bioinfo/braker/2.1.1/snowy/braker.pl line 1068, <GENOME> line 120.
Use of uninitialized value $gLocus in hash element at /sw/bioinfo/braker/2.1.1/snowy/braker.pl line 1071, <GENOME> line 120.
Use of uninitialized value $gLocus in hash element at /sw/bioinfo/braker/2.1.1/snowy/braker.pl line 1068, <GENOME> line 121.
Use of uninitialized value $gLocus in hash element at /sw/bioinfo/braker/2.1.1/snowy/braker.pl line 1071, <GENOME> line 121.
Use of uninitialized value $gLocus in hash element at /sw/bioinfo/braker/2.1.1/snowy/braker.pl line 1068, <GENOME> line 122.
Use of uninitialized value $gLocus in hash element at /sw/bioinfo/braker/2.1.1/snowy/braker.pl line 1071, <GENOME> line 122.
Use of uninitialized value $gLocus in hash element at /sw/bioinfo/braker/2.1.1/snowy/braker.pl line 1068, <GENOME> line 123.
Use of uninitialized value $gLocus in hash element at /sw/bioinfo/braker/2.1.1/snowy/braker.pl line 1071, <GENOME> line 123.
Use of uninitialized value $gLocus in hash element at /sw/bioinfo/braker/2.1.1/snowy/braker.pl line 1068, <GENOME> line 124.
Use of uninitialized value $gLocus in hash element at /sw/bioinfo/braker/2.1.1/snowy/braker.pl line 1071, <GENOME> line 124.
Use of uninitialized value $gLocus in hash element at /sw/bioinfo/braker/2.1.1/snowy/braker.pl line 1068, <GENOME> line 125.
Use of uninitialized value $gLocus in hash element at /sw/bioinfo/braker/2.1.1/snowy/braker.pl line 1071, <GENOME> line 125.
Use of uninitialized value $gLocus in hash element at /sw/bioinfo/braker/2.1.1/snowy/braker.pl line 1068, <GENOME> line 126.
Use of uninitialized value $gLocus in hash element at /sw/bioinfo/braker/2.1.1/snowy/braker.pl line 1071, <GENOME> line 126.
Use of uninitialized value $gLocus in hash element at /sw/bioinfo/braker/2.1.1/snowy/braker.pl line 1068, <GENOME> line 127.
Use of uninitialized value $gLocus in hash element at /sw/bioinfo/braker/2.1.1/snowy/braker.pl line 1071, <GENOME> line 127.
Use of uninitialized value $gLocus in hash element at /sw/bioinfo/braker/2.1.1/snowy/braker.pl line 1068, <GENOME> line 128.
Use of uninitialized value $gLocus in hash element at /sw/bioinfo/braker/2.1.1/snowy/braker.pl line 1071, <GENOME> line 128.
Use of uninitialized value $gLocus in hash element at /sw/bioinfo/braker/2.1.1/snowy/braker.pl line 1068, <GENOME> line 129.
Use of uninitialized value $gLocus in hash element at /sw/bioinfo/braker/2.1.1/snowy/braker.pl line 1071, <GENOME> line 129.
Use of uninitialized value $gLocus in hash element at /sw/bioinfo/braker/2.1.1/snowy/braker.pl line 1068, <GENOME> line 130.
Use of uninitialized value $gLocus in hash element at /sw/bioinfo/braker/2.1.1/snowy/braker.pl line 1071, <GENOME> line 130.
Use of uninitialized value $gLocus in hash element at /sw/bioinfo/braker/2.1.1/snowy/braker.pl line 1068, <GENOME> line 131.
Use of uninitialized value $gLocus in hash element at /sw/bioinfo/braker/2.1.1/snowy/braker.pl line 1071, <GENOME> line 131.
Use of uninitialized value $gLocus in hash element at /sw/bioinfo/braker/2.1.1/snowy/braker.pl line 1068, <GENOME> line 132.
Use of uninitialized value $gLocus in hash element at /sw/bioinfo/braker/2.1.1/snowy/braker.pl line 1071, <GENOME> line 132.
Use of uninitialized value $gLocus in hash element at /sw/bioinfo/braker/2.1.1/snowy/braker.pl line 1068, <GENOME> line 133.
Use of uninitialized value $gLocus in hash element at /sw/bioinfo/braker/2.1.1/snowy/braker.pl line 1071, <GENOME> line 133.
Use of uninitialized value $gLocus in hash element at /sw/bioinfo/braker/2.1.1/snowy/braker.pl line 1068, <GENOME> line 134.
Use of uninitialized value $gLocus in hash element at /sw/bioinfo/braker/2.1.1/snowy/braker.pl line 1071, <GENOME> line 134.
Use of uninitialized value $gLocus in hash element at /sw/bioinfo/braker/2.1.1/snowy/braker.pl line 1068, <GENOME> line 135.
Use of uninitialized value $gLocus in hash element at /sw/bioinfo/braker/2.1.1/snowy/braker.pl line 1071, <GENOME> line 135.
Use of uninitialized value $gLocus in hash element at /sw/bioinfo/braker/2.1.1/snowy/braker.pl line 1068, <GENOME> line 136.
Use of uninitialized value $gLocus in hash element at /sw/bioinfo/braker/2.1.1/snowy/braker.pl line 1071, <GENOME> line 136.
Use of uninitialized value $gLocus in hash element at /sw/bioinfo/braker/2.1.1/snowy/braker.pl line 1068, <GENOME> line 137.
Use of uninitialized value $gLocus in hash element at /sw/bioinfo/braker/2.1.1/snowy/braker.pl line 1071, <GENOME> line 137.
Use of uninitialized value $gLocus in hash element at /sw/bioinfo/braker/2.1.1/snowy/braker.pl line 1068, <GENOME> line 138.
Use of uninitialized value $gLocus in hash element at /sw/bioinfo/braker/2.1.1/snowy/braker.pl line 1071, <GENOME> line 138.
Use of uninitialized value $gLocus in hash element at /sw/bioinfo/braker/2.1.1/snowy/braker.pl line 1068, <GENOME> line 139.
Use of uninitialized value $gLocus in hash element at /sw/bioinfo/braker/2.1.1/snowy/braker.pl line 1071, <GENOME> line 139.
Use of uninitialized value $gLocus in hash element at /sw/bioinfo/braker/2.1.1/snowy/braker.pl line 1068, <GENOME> line 140.
Use of uninitialized value $gLocus in hash element at /sw/bioinfo/braker/2.1.1/snowy/braker.pl line 1071, <GENOME> line 140.
Use of uninitialized value $gLocus in hash element at /sw/bioinfo/braker/2.1.1/snowy/braker.pl line 1068, <GENOME> line 141.
Use of uninitialized value $gLocus in hash element at /sw/bioinfo/braker/2.1.1/snowy/braker.pl line 1071, <GENOME> line 141.
Use of uninitialized value $gLocus in hash element at /sw/bioinfo/braker/2.1.1/snowy/braker.pl line 1068, <GENOME> line 142.
Use of uninitialized value $gLocus in hash element at /sw/bioinfo/braker/2.1.1/snowy/braker.pl line 1071, <GENOME> line 142.
Use of uninitialized value $gLocus in hash element at /sw/bioinfo/braker/2.1.1/snowy/braker.pl line 1068, <GENOME> line 143.
Use of uninitialized value $gLocus in hash element at /sw/bioinfo/braker/2.1.1/snowy/braker.pl line 1071, <GENOME> line 143.
Use of uninitialized value $gLocus in hash element at /sw/bioinfo/braker/2.1.1/snowy/braker.pl line 1068, <GENOME> line 144.
Use of uninitialized value $gLocus in hash element at /sw/bioinfo/braker/2.1.1/snowy/braker.pl line 1071, <GENOME> line 144.
Use of uninitialized value $gLocus in hash element at /sw/bioinfo/braker/2.1.1/snowy/braker.pl line 1068, <GENOME> line 145.
Use of uninitialized value $gLocus in hash element at /sw/bioinfo/braker/2.1.1/snowy/braker.pl line 1071, <GENOME> line 145.
Use of uninitialized value $gLocus in hash element at /sw/bioinfo/braker/2.1.1/snowy/braker.pl line 1068, <GENOME> line 146.
Use of uninitialized value $gLocus in hash element at /sw/bioinfo/braker/2.1.1/snowy/braker.pl line 1071, <GENOME> line 146.
Use of uninitialized value $gLocus in hash element at /sw/bioinfo/braker/2.1.1/snowy/braker.pl line 1068, <GENOME> line 147.
Use of uninitialized value $gLocus in hash element at /sw/bioinfo/braker/2.1.1/snowy/braker.pl line 1071, <GENOME> line 147.
Use of uninitialized value $gLocus in hash element at /sw/bioinfo/braker/2.1.1/snowy/braker.pl line 1068, <GENOME> line 148.
Use of uninitialized value $gLocus in hash element at /sw/bioinfo/braker/2.1.1/snowy/braker.pl line 1071, <GENOME> line 148.
Use of uninitialized value $gLocus in hash element at /sw/bioinfo/braker/2.1.1/snowy/braker.pl line 1068, <GENOME> line 149.
Use of uninitialized value $gLocus in hash element at /sw/bioinfo/braker/2.1.1/snowy/braker.pl line 1071, <GENOME> line 149.
Use of uninitialized value $gLocus in hash element at /sw/bioinfo/braker/2.1.1/snowy/braker.pl line 1068, <GENOME> line 150.
Use of uninitialized value $gLocus in hash element at /sw/bioinfo/braker/2.1.1/snowy/braker.pl line 1071, <GENOME> line 150.
Use of uninitialized value $gLocus in hash element at /sw/bioinfo/braker/2.1.1/snowy/braker.pl line 1068, <GENOME> line 151.
Use of uninitialized value $gLocus in hash element at /sw/bioinfo/braker/2.1.1/snowy/braker.pl line 1071, <GENOME> line 151.
Use of uninitialized value $gLocus in hash element at /sw/bioinfo/braker/2.1.1/snowy/braker.pl line 1068, <GENOME> line 152.
Use of uninitialized value $gLocus in hash element at /sw/bioinfo/braker/2.1.1/snowy/braker.pl line 1071, <GENOME> line 152.
Use of uninitialized value $gLocus in hash element at /sw/bioinfo/braker/2.1.1/snowy/braker.pl line 1068, <GENOME> line 153.
Use of uninitialized value $gLocus in hash element at /sw/bioinfo/braker/2.1.1/snowy/braker.pl line 1071, <GENOME> line 153.
Use of uninitialized value $gLocus in hash element at /sw/bioinfo/braker/2.1.1/snowy/braker.pl line 1068, <GENOME> line 154.
Use of uninitialized value $gLocus in hash element at /sw/bioinfo/braker/2.1.1/snowy/braker.pl line 1071, <GENOME> line 154.
Use of uninitialized value $gLocus in hash element at /sw/bioinfo/braker/2.1.1/snowy/braker.pl line 1068, <GENOME> line 155.
Use of uninitialized value $gLocus in hash element at /sw/bioinfo/braker/2.1.1/snowy/braker.pl line 1071, <GENOME> line 155.
Use of uninitialized value $gLocus in hash element at /sw/bioinfo/braker/2.1.1/snowy/braker.pl line 1068, <GENOME> line 156.
Use of uninitialized value $gLocus in hash element at /sw/bioinfo/braker/2.1.1/snowy/braker.pl line 1071, <GENOME> line 156.
Use of uninitialized value $gLocus in hash element at /sw/bioinfo/braker/2.1.1/snowy/braker.pl line 1068, <GENOME> line 157.
Use of uninitialized value $gLocus in hash element at /sw/bioinfo/braker/2.1.1/snowy/braker.pl line 1071, <GENOME> line 157.
Use of uninitialized value $gLocus in hash element at /sw/bioinfo/braker/2.1.1/snowy/braker.pl line 1068, <GENOME> line 158.
Use of uninitialized value $gLocus in hash element at /sw/bioinfo/braker/2.1.1/snowy/braker.pl line 1071, <GENOME> line 158.
Use of uninitialized value $gLocus in hash element at /sw/bioinfo/braker/2.1.1/snowy/braker.pl line 1068, <GENOME> line 159.
Use of uninitialized value $gLocus in hash element at /sw/bioinfo/braker/2.1.1/snowy/braker.pl line 1071, <GENOME> line 159.
Use of uninitialized value $gLocus in hash element at /sw/bioinfo/braker/2.1.1/snowy/braker.pl line 1068, <GENOME> line 160.
Use of uninitialized value $gLocus in hash element at /sw/bioinfo/braker/2.1.1/snowy/braker.pl line 1071, <GENOME> line 160.
Use of uninitialized value $gLocus in hash element at /sw/bioinfo/braker/2.1.1/snowy/braker.pl line 1068, <GENOME> line 161.
Use of uninitialized value $gLocus in hash element at /sw/bioinfo/braker/2.1.1/snowy/braker.pl line 1071, <GENOME> line 161.
Use of uninitialized value $gLocus in hash element at /sw/bioinfo/braker/2.1.1/snowy/braker.pl line 1068, <GENOME> line 162.
Use of uninitialized value $gLocus in hash element at /sw/bioinfo/braker/2.1.1/snowy/braker.pl line 1071, <GENOME> line 162.
Use of uninitialized value $gLocus in hash element at /sw/bioinfo/braker/2.1.1/snowy/braker.pl line 1068, <GENOME> line 163.
Use of uninitialized value $gLocus in hash element at /sw/bioinfo/braker/2.1.1/snowy/braker.pl line 1071, <GENOME> line 163.
Use of uninitialized value $gLocus in hash element at /sw/bioinfo/braker/2.1.1/snowy/braker.pl line 1068, <GENOME> line 164.
Use of uninitialized value $gLocus in hash element at /sw/bioinfo/braker/2.1.1/snowy/braker.pl line 1071, <GENOME> line 164.
Use of uninitialized value $gLocus in hash element at /sw/bioinfo/braker/2.1.1/snowy/braker.pl line 1068, <GENOME> line 165.
Use of uninitialized value $gLocus in hash element at /sw/bioinfo/braker/2.1.1/snowy/braker.pl line 1071, <GENOME> line 165.
Use of uninitialized value $gLocus in hash element at /sw/bioinfo/braker/2.1.1/snowy/braker.pl line 1068, <GENOME> line 166.
Use of uninitialized value $gLocus in hash element at /sw/bioinfo/braker/2.1.1/snowy/braker.pl line 1071, <GENOME> line 166.
Use of uninitialized value $gLocus in hash element at /sw/bioinfo/braker/2.1.1/snowy/braker.pl line 1068, <GENOME> line 167.
Use of uninitialized value $gLocus in hash element at /sw/bioinfo/braker/2.1.1/snowy/braker.pl line 1071, <GENOME> line 167.
Use of uninitialized value $gLocus in hash element at /sw/bioinfo/braker/2.1.1/snowy/braker.pl line 1068, <GENOME> line 168.
Use of uninitialized value $gLocus in hash element at /sw/bioinfo/braker/2.1.1/snowy/braker.pl line 1071, <GENOME> line 168.
Use of uninitialized value $gLocus in hash element at /sw/bioinfo/braker/2.1.1/snowy/braker.pl line 1068, <GENOME> line 169.
Use of uninitialized value $gLocus in hash element at /sw/bioinfo/braker/2.1.1/snowy/braker.pl line 1071, <GENOME> line 169.
Use of uninitialized value $gLocus in hash element at /sw/bioinfo/braker/2.1.1/snowy/braker.pl line 1068, <GENOME> line 170.
Use of uninitialized value $gLocus in hash element at /sw/bioinfo/braker/2.1.1/snowy/braker.pl line 1071, <GENOME> line 170.
Use of uninitialized value $gLocus in hash element at /sw/bioinfo/braker/2.1.1/snowy/braker.pl line 1068, <GENOME> line 171.
Use of uninitialized value $gLocus in hash element at /sw/bioinfo/braker/2.1.1/snowy/braker.pl line 1071, <GENOME> line 171.
Use of uninitialized value $gLocus in hash element at /sw/bioinfo/braker/2.1.1/snowy/braker.pl line 1068, <GENOME> line 172.
Use of uninitialized value $gLocus in hash element at /sw/bioinfo/braker/2.1.1/snowy/braker.pl line 1071, <GENOME> line 172.
Use of uninitialized value $gLocus in hash element at /sw/bioinfo/braker/2.1.1/snowy/braker.pl line 1068, <GENOME> line 173.
Use of uninitialized value $gLocus in hash element at /sw/bioinfo/braker/2.1.1/snowy/braker.pl line 1071, <GENOME> line 173.
Use of uninitialized value $gLocus in hash element at /sw/bioinfo/braker/2.1.1/snowy/braker.pl line 1068, <GENOME> line 174.
Use of uninitialized value $gLocus in hash element at /sw/bioinfo/braker/2.1.1/snowy/braker.pl line 1071, <GENOME> line 174.
Use of uninitialized value $gLocus in hash element at /sw/bioinfo/braker/2.1.1/snowy/braker.pl line 1068, <GENOME> line 175.
Use of uninitialized value $gLocus in hash element at /sw/bioinfo/braker/2.1.1/snowy/braker.pl line 1071, <GENOME> line 175.
Use of uninitialized value $gLocus in hash element at /sw/bioinfo/braker/2.1.1/snowy/braker.pl line 1068, <GENOME> line 176.
Use of uninitialized value $gLocus in hash element at /sw/bioinfo/braker/2.1.1/snowy/braker.pl line 1071, <GENOME> line 176.
Use of uninitialized value $gLocus in hash element at /sw/bioinfo/braker/2.1.1/snowy/braker.pl line 1068, <GENOME> line 177.
Use of uninitialized value $gLocus in hash element at /sw/bioinfo/braker/2.1.1/snowy/braker.pl line 1071, <GENOME> line 177.
Use of uninitialized value $gLocus in hash element at /sw/bioinfo/braker/2.1.1/snowy/braker.pl line 1068, <GENOME> line 178.
Use of uninitialized value $gLocus in hash element at /sw/bioinfo/braker/2.1.1/snowy/braker.pl line 1071, <GENOME> line 178.
Use of uninitialized value $gLocus in hash element at /sw/bioinfo/braker/2.1.1/snowy/braker.pl line 1068, <GENOME> line 179.
Use of uninitialized value $gLocus in hash element at /sw/bioinfo/braker/2.1.1/snowy/braker.pl line 1071, <GENOME> line 179.
Use of uninitialized value $gLocus in hash element at /sw/bioinfo/braker/2.1.1/snowy/braker.pl line 1068, <GENOME> line 180.
Use of uninitialized value $gLocus in hash element at /sw/bioinfo/braker/2.1.1/snowy/braker.pl line 1071, <GENOME> line 180.
Use of uninitialized value $gLocus in hash element at /sw/bioinfo/braker/2.1.1/snowy/braker.pl line 1068, <GENOME> line 181.
Use of uninitialized value $gLocus in hash element at /sw/bioinfo/braker/2.1.1/snowy/braker.pl line 1071, <GENOME> line 181.
Use of uninitialized value $gLocus in hash element at /sw/bioinfo/braker/2.1.1/snowy/braker.pl line 1068, <GENOME> line 182.
Use of uninitialized value $gLocus in hash element at /sw/bioinfo/braker/2.1.1/snowy/braker.pl line 1071, <GENOME> line 182.
Use of uninitialized value $gLocus in hash element at /sw/bioinfo/braker/2.1.1/snowy/braker.pl line 1068, <GENOME> line 183.
Use of uninitialized value $gLocus in hash element at /sw/bioinfo/braker/2.1.1/snowy/braker.pl line 1071, <GENOME> line 183.
Use of uninitialized value $gLocus in hash element at /sw/bioinfo/braker/2.1.1/snowy/braker.pl line 1068, <GENOME> line 184.
Use of uninitialized value $gLocus in hash element at /sw/bioinfo/braker/2.1.1/snowy/braker.pl line 1071, <GENOME> line 184.
Use of uninitialized value $gLocus in hash element at /sw/bioinfo/braker/2.1.1/snowy/braker.pl line 1068, <GENOME> line 185.
Use of uninitialized value $gLocus in hash element at /sw/bioinfo/braker/2.1.1/snowy/braker.pl line 1071, <GENOME> line 185.
Use of uninitialized value $gLocus in hash element at /sw/bioinfo/braker/2.1.1/snowy/braker.pl line 1068, <GENOME> line 186.
Use of uninitialized value $gLocus in hash element at /sw/bioinfo/braker/2.1.1/snowy/braker.pl line 1071, <GENOME> line 186.
Use of uninitialized value $gLocus in hash element at /sw/bioinfo/braker/2.1.1/snowy/braker.pl line 1068, <GENOME> line 187.
Use of uninitialized value $gLocus in hash element at /sw/bioinfo/braker/2.1.1/snowy/braker.pl line 1071, <GENOME> line 187.
Use of uninitialized value $gLocus in hash element at /sw/bioinfo/braker/2.1.1/snowy/braker.pl line 1068, <GENOME> line 188.
Use of uninitialized value $gLocus in hash element at /sw/bioinfo/braker/2.1.1/snowy/braker.pl line 1071, <GENOME> line 188.
Use of uninitialized value $gLocus in hash element at /sw/bioinfo/braker/2.1.1/snowy/braker.pl line 1068, <GENOME> line 189.
Use of uninitialized value $gLocus in hash element at /sw/bioinfo/braker/2.1.1/snowy/braker.pl line 1071, <GENOME> line 189.
Use of uninitialized value $gLocus in hash element at /sw/bioinfo/braker/2.1.1/snowy/braker.pl line 1068, <GENOME> line 190.
Use of uninitialized value $gLocus in hash element at /sw/bioinfo/braker/2.1.1/snowy/braker.pl line 1071, <GENOME> line 190.
Use of uninitialized value $gLocus in hash element at /sw/bioinfo/braker/2.1.1/snowy/braker.pl line 1068, <GENOME> line 191.
Use of uninitialized value $gLocus in hash element at /sw/bioinfo/braker/2.1.1/snowy/braker.pl line 1071, <GENOME> line 191.
Use of uninitialized value $gLocus in hash element at /sw/bioinfo/braker/2.1.1/snowy/braker.pl line 1068, <GENOME> line 192.
Use of uninitialized value $gLocus in hash element at /sw/bioinfo/braker/2.1.1/snowy/braker.pl line 1071, <GENOME> line 192.
Use of uninitialized value $gLocus in hash element at /sw/bioinfo/braker/2.1.1/snowy/braker.pl line 1068, <GENOME> line 193.
Use of uninitialized value $gLocus in hash element at /sw/bioinfo/braker/2.1.1/snowy/braker.pl line 1071, <GENOME> line 193.
Use of uninitialized value $gLocus in hash element at /sw/bioinfo/braker/2.1.1/snowy/braker.pl line 1068, <GENOME> line 194.
Use of uninitialized value $gLocus in hash element at /sw/bioinfo/braker/2.1.1/snowy/braker.pl line 1071, <GENOME> line 194.
Use of uninitialized value $gLocus in hash element at /sw/bioinfo/braker/2.1.1/snowy/braker.pl line 1068, <GENOME> line 195.
Use of uninitialized value $gLocus in hash element at /sw/bioinfo/braker/2.1.1/snowy/braker.pl line 1071, <GENOME> line 195.
Use of uninitialized value $gLocus in hash element at /sw/bioinfo/braker/2.1.1/snowy/braker.pl line 1068, <GENOME> line 196.
Use of uninitialized value $gLocus in hash element at /sw/bioinfo/braker/2.1.1/snowy/braker.pl line 1071, <GENOME> line 196.
Use of uninitialized value $gLocus in hash element at /sw/bioinfo/braker/2.1.1/snowy/braker.pl line 1068, <GENOME> line 197.
Use of uninitialized value $gLocus in hash element at /sw/bioinfo/braker/2.1.1/snowy/braker.pl line 1071, <GENOME> line 197.
Use of uninitialized value $gLocus in hash element at /sw/bioinfo/braker/2.1.1/snowy/braker.pl line 1068, <GENOME> line 198.
Use of uninitialized value $gLocus in hash element at /sw/bioinfo/braker/2.1.1/snowy/braker.pl line 1071, <GENOME> line 198.
Use of uninitialized value $gLocus in hash element at /sw/bioinfo/braker/2.1.1/snowy/braker.pl line 1068, <GENOME> line 199.
Use of uninitialized value $gLocus in hash element at /sw/bioinfo/braker/2.1.1/snowy/braker.pl line 1071, <GENOME> line 199.
Use of uninitialized value $gLocus in hash element at /sw/bioinfo/braker/2.1.1/snowy/braker.pl line 1068, <GENOME> line 200.
Use of uninitialized value $gLocus in hash element at /sw/bioinfo/braker/2.1.1/snowy/braker.pl line 1071, <GENOME> line 200.
Use of uninitialized value $gLocus in hash element at /sw/bioinfo/braker/2.1.1/snowy/braker.pl line 1068, <GENOME> line 201.
Use of uninitialized value $gLocus in hash element at /sw/bioinfo/braker/2.1.1/snowy/braker.pl line 1071, <GENOME> line 201.
Use of uninitialized value $gLocus in hash element at /sw/bioinfo/braker/2.1.1/snowy/braker.pl line 1068, <GENOME> line 202.
Use of uninitialized value $gLocus in hash element at /sw/bioinfo/braker/2.1.1/snowy/braker.pl line 1071, <GENOME> line 202.
Use of uninitialized value $gLocus in hash element at /sw/bioinfo/braker/2.1.1/snowy/braker.pl line 1068, <GENOME> line 203.
Use of uninitialized value $gLocus in hash element at /sw/bioinfo/braker/2.1.1/snowy/braker.pl line 1071, <GENOME> line 203.
Use of uninitialized value $gLocus in hash element at /sw/bioinfo/braker/2.1.1/snowy/braker.pl line 1068, <GENOME> line 204.
Use of uninitialized value $gLocus in hash element at /sw/bioinfo/braker/2.1.1/snowy/braker.pl line 1071, <GENOME> line 204.
Use of uninitialized value $gLocus in hash element at /sw/bioinfo/braker/2.1.1/snowy/braker.pl line 1068, <GENOME> line 205.
Use of uninitialized value $gLocus in hash element at /sw/bioinfo/braker/2.1.1/snowy/braker.pl line 1071, <GENOME> line 205.
Use of uninitialized value $gLocus in hash element at /sw/bioinfo/braker/2.1.1/snowy/braker.pl line 1068, <GENOME> line 206.
Use of uninitialized value $gLocus in hash element at /sw/bioinfo/braker/2.1.1/snowy/braker.pl line 1071, <GENOME> line 206.
Use of uninitialized value $gLocus in hash element at /sw/bioinfo/braker/2.1.1/snowy/braker.pl line 1068, <GENOME> line 207.
Use of uninitialized value $gLocus in hash element at /sw/bioinfo/braker/2.1.1/snowy/braker.pl line 1071, <GENOME> line 207.
Use of uninitialized value $gLocus in hash element at /sw/bioinfo/braker/2.1.1/snowy/braker.pl line 1068, <GENOME> line 208.
Use of uninitialized value $gLocus in hash element at /sw/bioinfo/braker/2.1.1/snowy/braker.pl line 1071, <GENOME> line 208.
Use of uninitialized value $gLocus in hash element at /sw/bioinfo/braker/2.1.1/snowy/braker.pl line 1068, <GENOME> line 209.
Use of uninitialized value $gLocus in hash element at /sw/bioinfo/braker/2.1.1/snowy/braker.pl line 1071, <GENOME> line 209.
Use of uninitialized value $gLocus in hash element at /sw/bioinfo/braker/2.1.1/snowy/braker.pl line 1068, <GENOME> line 210.
Use of uninitialized value $gLocus in hash element at /sw/bioinfo/braker/2.1.1/snowy/braker.pl line 1071, <GENOME> line 210.
Use of uninitialized value $gLocus in hash element at /sw/bioinfo/braker/2.1.1/snowy/braker.pl line 1068, <GENOME> line 211.
Use of uninitialized value $gLocus in hash element at /sw/bioinfo/braker/2.1.1/snowy/braker.pl line 1071, <GENOME> line 211.
Use of uninitialized value $gLocus in hash element at /sw/bioinfo/braker/2.1.1/snowy/braker.pl line 1068, <GENOME> line 212.
Use of uninitialized value $gLocus in hash element at /sw/bioinfo/braker/2.1.1/snowy/braker.pl line 1071, <GENOME> line 212.
Use of uninitialized value $gLocus in hash element at /sw/bioinfo/braker/2.1.1/snowy/braker.pl line 1068, <GENOME> line 213.
Use of uninitialized value $gLocus in hash element at /sw/bioinfo/braker/2.1.1/snowy/braker.pl line 1071, <GENOME> line 213.
Use of uninitialized value $gLocus in hash element at /sw/bioinfo/braker/2.1.1/snowy/braker.pl line 1068, <GENOME> line 214.
Use of uninitialized value $gLocus in hash element at /sw/bioinfo/braker/2.1.1/snowy/braker.pl line 1071, <GENOME> line 214.
Use of uninitialized value $gLocus in hash element at /sw/bioinfo/braker/2.1.1/snowy/braker.pl line 1068, <GENOME> line 215.
Use of uninitialized value $gLocus in hash element at /sw/bioinfo/braker/2.1.1/snowy/braker.pl line 1071, <GENOME> line 215.
Use of uninitialized value $gLocus in hash element at /sw/bioinfo/braker/2.1.1/snowy/braker.pl line 1068, <GENOME> line 216.
Use of uninitialized value $gLocus in hash element at /sw/bioinfo/braker/2.1.1/snowy/braker.pl line 1071, <GENOME> line 216.
Use of uninitialized value $gLocus in hash element at /sw/bioinfo/braker/2.1.1/snowy/braker.pl line 1068, <GENOME> line 217.
Use of uninitialized value $gLocus in hash element at /sw/bioinfo/braker/2.1.1/snowy/braker.pl line 1071, <GENOME> line 217.
Use of uninitialized value $gLocus in hash element at /sw/bioinfo/braker/2.1.1/snowy/braker.pl line 1068, <GENOME> line 218.
Use of uninitialized value $gLocus in hash element at /sw/bioinfo/braker/2.1.1/snowy/braker.pl line 1071, <GENOME> line 218.
Use of uninitialized value $gLocus in hash element at /sw/bioinfo/braker/2.1.1/snowy/braker.pl line 1068, <GENOME> line 219.
Use of uninitialized value $gLocus in hash element at /sw/bioinfo/braker/2.1.1/snowy/braker.pl line 1071, <GENOME> line 219.
Use of uninitialized value $gLocus in hash element at /sw/bioinfo/braker/2.1.1/snowy/braker.pl line 1068, <GENOME> line 220.
Use of uninitialized value $gLocus in hash element at /sw/bioinfo/braker/2.1.1/snowy/braker.pl line 1071, <GENOME> line 220.
Use of uninitialized value $gLocus in hash element at /sw/bioinfo/braker/2.1.1/snowy/braker.pl line 1068, <GENOME> line 221.
Use of uninitialized value $gLocus in hash element at /sw/bioinfo/braker/2.1.1/snowy/braker.pl line 1071, <GENOME> line 221.
Use of uninitialized value $gLocus in hash element at /sw/bioinfo/braker/2.1.1/snowy/braker.pl line 1068, <GENOME> line 222.
Use of uninitialized value $gLocus in hash element at /sw/bioinfo/braker/2.1.1/snowy/braker.pl line 1071, <GENOME> line 222.
Use of uninitialized value $gLocus in hash element at /sw/bioinfo/braker/2.1.1/snowy/braker.pl line 1068, <GENOME> line 223.
Use of uninitialized value $gLocus in hash element at /sw/bioinfo/braker/2.1.1/snowy/braker.pl line 1071, <GENOME> line 223.
Use of uninitialized value $gLocus in hash element at /sw/bioinfo/braker/2.1.1/snowy/braker.pl line 1068, <GENOME> line 224.
Use of uninitialized value $gLocus in hash element at /sw/bioinfo/braker/2.1.1/snowy/braker.pl line 1071, <GENOME> line 224.
Use of uninitialized value $gLocus in hash element at /sw/bioinfo/braker/2.1.1/snowy/braker.pl line 1068, <GENOME> line 225.
Use of uninitialized value $gLocus in hash element at /sw/bioinfo/braker/2.1.1/snowy/braker.pl line 1071, <GENOME> line 225.
Use of uninitialized value $gLocus in hash element at /sw/bioinfo/braker/2.1.1/snowy/braker.pl line 1068, <GENOME> line 226.
Use of uninitialized value $gLocus in hash element at /sw/bioinfo/braker/2.1.1/snowy/braker.pl line 1071, <GENOME> line 226.
Use of uninitialized value $gLocus in hash element at /sw/bioinfo/braker/2.1.1/snowy/braker.pl line 1068, <GENOME> line 227.
Use of uninitialized value $gLocus in hash element at /sw/bioinfo/braker/2.1.1/snowy/braker.pl line 1071, <GENOME> line 227.
Use of uninitialized value $gLocus in hash element at /sw/bioinfo/braker/2.1.1/snowy/braker.pl line 1068, <GENOME> line 228.
Use of uninitialized value $gLocus in hash element at /sw/bioinfo/braker/2.1.1/snowy/braker.pl line 1071, <GENOME> line 228.
Use of uninitialized value $gLocus in hash element at /sw/bioinfo/braker/2.1.1/snowy/braker.pl line 1068, <GENOME> line 229.
Use of uninitialized value $gLocus in hash element at /sw/bioinfo/braker/2.1.1/snowy/braker.pl line 1071, <GENOME> line 229.
Use of uninitialized value $gLocus in hash element at /sw/bioinfo/braker/2.1.1/snowy/braker.pl line 1068, <GENOME> line 230.
Use of uninitialized value $gLocus in hash element at /sw/bioinfo/braker/2.1.1/snowy/braker.pl line 1071, <GENOME> line 230.
Use of uninitialized value $gLocus in hash element at /sw/bioinfo/braker/2.1.1/snowy/braker.pl line 1068, <GENOME> line 231.
Use of uninitialized value $gLocus in hash element at /sw/bioinfo/braker/2.1.1/snowy/braker.pl line 1071, <GENOME> line 231.
Use of uninitialized value $gLocus in hash element at /sw/bioinfo/braker/2.1.1/snowy/braker.pl line 1068, <GENOME> line 232.
Use of uninitialized value $gLocus in hash element at /sw/bioinfo/braker/2.1.1/snowy/braker.pl line 1071, <GENOME> line 232.
Use of uninitialized value $gLocus in hash element at /sw/bioinfo/braker/2.1.1/snowy/braker.pl line 1068, <GENOME> line 233.
Use of uninitialized value $gLocus in hash element at /sw/bioinfo/braker/2.1.1/snowy/braker.pl line 1071, <GENOME> line 233.
Use of uninitialized value $gLocus in hash element at /sw/bioinfo/braker/2.1.1/snowy/braker.pl line 1068, <GENOME> line 234.
Use of uninitialized value $gLocus in hash element at /sw/bioinfo/braker/2.1.1/snowy/braker.pl line 1071, <GENOME> line 234.
Use of uninitialized value $gLocus in hash element at /sw/bioinfo/braker/2.1.1/snowy/braker.pl line 1068, <GENOME> line 235.
Use of uninitialized value $gLocus in hash element at /sw/bioinfo/braker/2.1.1/snowy/braker.pl line 1071, <GENOME> line 235.
Use of uninitialized value $gLocus in hash element at /sw/bioinfo/braker/2.1.1/snowy/braker.pl line 1068, <GENOME> line 236.
Use of uninitialized value $gLocus in hash element at /sw/bioinfo/braker/2.1.1/snowy/braker.pl line 1071, <GENOME> line 236.
Use of uninitialized value $gLocus in hash element at /sw/bioinfo/braker/2.1.1/snowy/braker.pl line 1068, <GENOME> line 237.
Use of uninitialized value $gLocus in hash element at /sw/bioinfo/braker/2.1.1/snowy/braker.pl line 1071, <GENOME> line 237.
Use of uninitialized value $gLocus in hash element at /sw/bioinfo/braker/2.1.1/snowy/braker.pl line 1068, <GENOME> line 238.
Use of uninitialized value $gLocus in hash element at /sw/bioinfo/braker/2.1.1/snowy/braker.pl line 1071, <GENOME> line 238.
Use of uninitialized value $gLocus in hash element at /sw/bioinfo/braker/2.1.1/snowy/braker.pl line 1068, <GENOME> line 239.
Use of uninitialized value $gLocus in hash element at /sw/bioinfo/braker/2.1.1/snowy/braker.pl line 1071, <GENOME> line 239.
Use of uninitialized value $gLocus in hash element at /sw/bioinfo/braker/2.1.1/snowy/braker.pl line 1068, <GENOME> line 240.
Use of uninitialized value $gLocus in hash element at /sw/bioinfo/braker/2.1.1/snowy/braker.pl line 1071, <GENOME> line 240.
Use of uninitialized value $gLocus in hash element at /sw/bioinfo/braker/2.1.1/snowy/braker.pl line 1068, <GENOME> line 241.
Use of uninitialized value $gLocus in hash element at /sw/bioinfo/braker/2.1.1/snowy/braker.pl line 1071, <GENOME> line 241.
Use of uninitialized value $gLocus in hash element at /sw/bioinfo/braker/2.1.1/snowy/braker.pl line 1068, <GENOME> line 242.
Use of uninitialized value $gLocus in hash element at /sw/bioinfo/braker/2.1.1/snowy/braker.pl line 1071, <GENOME> line 242.
Use of uninitialized value $gLocus in hash element at /sw/bioinfo/braker/2.1.1/snowy/braker.pl line 1068, <GENOME> line 243.
Use of uninitialized value $gLocus in hash element at /sw/bioinfo/braker/2.1.1/snowy/braker.pl line 1071, <GENOME> line 243.
Use of uninitialized value $gLocus in hash element at /sw/bioinfo/braker/2.1.1/snowy/braker.pl line 1068, <GENOME> line 244.
Use of uninitialized value $gLocus in hash element at /sw/bioinfo/braker/2.1.1/snowy/braker.pl line 1071, <GENOME> line 244.
Use of uninitialized value $gLocus in hash element at /sw/bioinfo/braker/2.1.1/snowy/braker.pl line 1068, <GENOME> line 245.
Use of uninitialized value $gLocus in hash element at /sw/bioinfo/braker/2.1.1/snowy/braker.pl line 1071, <GENOME> line 245.
Use of uninitialized value $gLocus in hash element at /sw/bioinfo/braker/2.1.1/snowy/braker.pl line 1068, <GENOME> line 246.
Use of uninitialized value $gLocus in hash element at /sw/bioinfo/braker/2.1.1/snowy/braker.pl line 1071, <GENOME> line 246.
Use of uninitialized value $gLocus in hash element at /sw/bioinfo/braker/2.1.1/snowy/braker.pl line 1068, <GENOME> line 247.
Use of uninitialized value $gLocus in hash element at /sw/bioinfo/braker/2.1.1/snowy/braker.pl line 1071, <GENOME> line 247.
Use of uninitialized value $gLocus in hash element at /sw/bioinfo/braker/2.1.1/snowy/braker.pl line 1068, <GENOME> line 248.
Use of uninitialized value $gLocus in hash element at /sw/bioinfo/braker/2.1.1/snowy/braker.pl line 1071, <GENOME> line 248.
Use of uninitialized value $gLocus in hash element at /sw/bioinfo/braker/2.1.1/snowy/braker.pl line 1068, <GENOME> line 249.
Use of uninitialized value $gLocus in hash element at /sw/bioinfo/braker/2.1.1/snowy/braker.pl line 1071, <GENOME> line 249.
Use of uninitialized value $gLocus in hash element at /sw/bioinfo/braker/2.1.1/snowy/braker.pl line 1068, <GENOME> line 250.
Use of uninitialized value $gLocus in hash element at /sw/bioinfo/braker/2.1.1/snowy/braker.pl line 1071, <GENOME> line 250.
Use of uninitialized value $gLocus in hash element at /sw/bioinfo/braker/2.1.1/snowy/braker.pl line 1068, <GENOME> line 251.
Use of uninitialized value $gLocus in hash element at /sw/bioinfo/braker/2.1.1/snowy/braker.pl line 1071, <GENOME> line 251.
Use of uninitialized value $gLocus in hash element at /sw/bioinfo/braker/2.1.1/snowy/braker.pl line 1068, <GENOME> line 252.
Use of uninitialized value $gLocus in hash element at /sw/bioinfo/braker/2.1.1/snowy/braker.pl line 1071, <GENOME> line 252.
Use of uninitialized value $gLocus in hash element at /sw/bioinfo/braker/2.1.1/snowy/braker.pl line 1068, <GENOME> line 253.
Use of uninitialized value $gLocus in hash element at /sw/bioinfo/braker/2.1.1/snowy/braker.pl line 1071, <GENOME> line 253.
Use of uninitialized value $gLocus in hash element at /sw/bioinfo/braker/2.1.1/snowy/braker.pl line 1068, <GENOME> line 254.
Use of uninitialized value $gLocus in hash element at /sw/bioinfo/braker/2.1.1/snowy/braker.pl line 1071, <GENOME> line 254.
Use of uninitialized value $gLocus in hash element at /sw/bioinfo/braker/2.1.1/snowy/braker.pl line 1068, <GENOME> line 255.
Use of uninitialized value $gLocus in hash element at /sw/bioinfo/braker/2.1.1/snowy/braker.pl line 1071, <GENOME> line 255.
Use of uninitialized value $gLocus in hash element at /sw/bioinfo/braker/2.1.1/snowy/braker.pl line 1068, <GENOME> line 256.
Use of uninitialized value $gLocus in hash element at /sw/bioinfo/braker/2.1.1/snowy/braker.pl line 1071, <GENOME> line 256.
Use of uninitialized value $gLocus in hash element at /sw/bioinfo/braker/2.1.1/snowy/braker.pl line 1068, <GENOME> line 257.
Use of uninitialized value $gLocus in hash element at /sw/bioinfo/braker/2.1.1/snowy/braker.pl line 1071, <GENOME> line 257.
Use of uninitialized value $gLocus in hash element at /sw/bioinfo/braker/2.1.1/snowy/braker.pl line 1068, <GENOME> line 258.
Use of uninitialized value $gLocus in hash element at /sw/bioinfo/braker/2.1.1/snowy/braker.pl line 1071, <GENOME> line 258.
Use of uninitialized value $gLocus in hash element at /sw/bioinfo/braker/2.1.1/snowy/braker.pl line 1068, <GENOME> line 259.
Use of uninitialized value $gLocus in hash element at /sw/bioinfo/braker/2.1.1/snowy/braker.pl line 1071, <GENOME> line 259.
Use of uninitialized value $gLocus in hash element at /sw/bioinfo/braker/2.1.1/snowy/braker.pl line 1068, <GENOME> line 260.
Use of uninitialized value $gLocus in hash element at /sw/bioinfo/braker/2.1.1/snowy/braker.pl line 1071, <GENOME> line 260.
Use of uninitialized value $gLocus in hash element at /sw/bioinfo/braker/2.1.1/snowy/braker.pl line 1068, <GENOME> line 261.
Use of uninitialized value $gLocus in hash element at /sw/bioinfo/braker/2.1.1/snowy/braker.pl line 1071, <GENOME> line 261.
Use of uninitialized value $gLocus in hash element at /sw/bioinfo/braker/2.1.1/snowy/braker.pl line 1068, <GENOME> line 262.
Use of uninitialized value $gLocus in hash element at /sw/bioinfo/braker/2.1.1/snowy/braker.pl line 1071, <GENOME> line 262.
Use of uninitialized value $gLocus in hash element at /sw/bioinfo/braker/2.1.1/snowy/braker.pl line 1068, <GENOME> line 263.
Use of uninitialized value $gLocus in hash element at /sw/bioinfo/braker/2.1.1/snowy/braker.pl line 1071, <GENOME> line 263.
Use of uninitialized value $gLocus in hash element at /sw/bioinfo/braker/2.1.1/snowy/braker.pl line 1068, <GENOME> line 264.
Use of uninitialized value $gLocus in hash element at /sw/bioinfo/braker/2.1.1/snowy/braker.pl line 1071, <GENOME> line 264.
Use of uninitialized value $gLocus in hash element at /sw/bioinfo/braker/2.1.1/snowy/braker.pl line 1068, <GENOME> line 265.
Use of uninitialized value $gLocus in hash element at /sw/bioinfo/braker/2.1.1/snowy/braker.pl line 1071, <GENOME> line 265.
Use of uninitialized value $gLocus in hash element at /sw/bioinfo/braker/2.1.1/snowy/braker.pl line 1068, <GENOME> line 266.
Use of uninitialized value $gLocus in hash element at /sw/bioinfo/braker/2.1.1/snowy/braker.pl line 1071, <GENOME> line 266.
Use of uninitialized value $gLocus in hash element at /sw/bioinfo/braker/2.1.1/snowy/braker.pl line 1068, <GENOME> line 267.
Use of uninitialized value $gLocus in hash element at /sw/bioinfo/braker/2.1.1/snowy/braker.pl line 1071, <GENOME> line 267.
Use of uninitialized value $gLocus in hash element at /sw/bioinfo/braker/2.1.1/snowy/braker.pl line 1068, <GENOME> line 268.
Use of uninitialized value $gLocus in hash element at /sw/bioinfo/braker/2.1.1/snowy/braker.pl line 1071, <GENOME> line 268.
Use of uninitialized value $gLocus in hash element at /sw/bioinfo/braker/2.1.1/snowy/braker.pl line 1068, <GENOME> line 269.
Use of uninitialized value $gLocus in hash element at /sw/bioinfo/braker/2.1.1/snowy/braker.pl line 1071, <GENOME> line 269.
Use of uninitialized value $gLocus in hash element at /sw/bioinfo/braker/2.1.1/snowy/braker.pl line 1068, <GENOME> line 270.
Use of uninitialized value $gLocus in hash element at /sw/bioinfo/braker/2.1.1/snowy/braker.pl line 1071, <GENOME> line 270.
Use of uninitialized value $gLocus in hash element at /sw/bioinfo/braker/2.1.1/snowy/braker.pl line 1068, <GENOME> line 271.
Use of uninitialized value $gLocus in hash element at /sw/bioinfo/braker/2.1.1/snowy/braker.pl line 1071, <GENOME> line 271.
Use of uninitialized value $gLocus in hash element at /sw/bioinfo/braker/2.1.1/snowy/braker.pl line 1068, <GENOME> line 272.
Use of uninitialized value $gLocus in hash element at /sw/bioinfo/braker/2.1.1/snowy/braker.pl line 1071, <GENOME> line 272.
Use of uninitialized value $gLocus in hash element at /sw/bioinfo/braker/2.1.1/snowy/braker.pl line 1068, <GENOME> line 273.
Use of uninitialized value $gLocus in hash element at /sw/bioinfo/braker/2.1.1/snowy/braker.pl line 1071, <GENOME> line 273.
Use of uninitialized value $gLocus in hash element at /sw/bioinfo/braker/2.1.1/snowy/braker.pl line 1068, <GENOME> line 274.
Use of uninitialized value $gLocus in hash element at /sw/bioinfo/braker/2.1.1/snowy/braker.pl line 1071, <GENOME> line 274.
Use of uninitialized value $gLocus in hash element at /sw/bioinfo/braker/2.1.1/snowy/braker.pl line 1068, <GENOME> line 275.
Use of uninitialized value $gLocus in hash element at /sw/bioinfo/braker/2.1.1/snowy/braker.pl line 1071, <GENOME> line 275.
Use of uninitialized value $gLocus in hash element at /sw/bioinfo/braker/2.1.1/snowy/braker.pl line 1068, <GENOME> line 276.
Use of uninitialized value $gLocus in hash element at /sw/bioinfo/braker/2.1.1/snowy/braker.pl line 1071, <GENOME> line 276.
Use of uninitialized value $gLocus in hash element at /sw/bioinfo/braker/2.1.1/snowy/braker.pl line 1068, <GENOME> line 277.
Use of uninitialized value $gLocus in hash element at /sw/bioinfo/braker/2.1.1/snowy/braker.pl line 1071, <GENOME> line 277.
Use of uninitialized value $gLocus in hash element at /sw/bioinfo/braker/2.1.1/snowy/braker.pl line 1068, <GENOME> line 278.
Use of uninitialized value $gLocus in hash element at /sw/bioinfo/braker/2.1.1/snowy/braker.pl line 1071, <GENOME> line 278.
Use of uninitialized value $gLocus in hash element at /sw/bioinfo/braker/2.1.1/snowy/braker.pl line 1068, <GENOME> line 279.
Use of uninitialized value $gLocus in hash element at /sw/bioinfo/braker/2.1.1/snowy/braker.pl line 1071, <GENOME> line 279.
Use of uninitialized value $gLocus in hash element at /sw/bioinfo/braker/2.1.1/snowy/braker.pl line 1068, <GENOME> line 280.
Use of uninitialized value $gLocus in hash element at /sw/bioinfo/braker/2.1.1/snowy/braker.pl line 1071, <GENOME> line 280.
Use of uninitialized value $gLocus in hash element at /sw/bioinfo/braker/2.1.1/snowy/braker.pl line 1068, <GENOME> line 281.
Use of uninitialized value $gLocus in hash element at /sw/bioinfo/braker/2.1.1/snowy/braker.pl line 1071, <GENOME> line 281.
Use of uninitialized value $gLocus in hash element at /sw/bioinfo/braker/2.1.1/snowy/braker.pl line 1068, <GENOME> line 282.
Use of uninitialized value $gLocus in hash element at /sw/bioinfo/braker/2.1.1/snowy/braker.pl line 1071, <GENOME> line 282.
Use of uninitialized value $gLocus in hash element at /sw/bioinfo/braker/2.1.1/snowy/braker.pl line 1068, <GENOME> line 283.
Use of uninitialized value $gLocus in hash element at /sw/bioinfo/braker/2.1.1/snowy/braker.pl line 1071, <GENOME> line 283.
Use of uninitialized value $gLocus in hash element at /sw/bioinfo/braker/2.1.1/snowy/braker.pl line 1068, <GENOME> line 284.
Use of uninitialized value $gLocus in hash element at /sw/bioinfo/braker/2.1.1/snowy/braker.pl line 1071, <GENOME> line 284.
Use of uninitialized value $gLocus in hash element at /sw/bioinfo/braker/2.1.1/snowy/braker.pl line 1068, <GENOME> line 285.
Use of uninitialized value $gLocus in hash element at /sw/bioinfo/braker/2.1.1/snowy/braker.pl line 1071, <GENOME> line 285.
Use of uninitialized value $gLocus in hash element at /sw/bioinfo/braker/2.1.1/snowy/braker.pl line 1068, <GENOME> line 286.
Use of uninitialized value $gLocus in hash element at /sw/bioinfo/braker/2.1.1/snowy/braker.pl line 1071, <GENOME> line 286.
Use of uninitialized value $gLocus in hash element at /sw/bioinfo/braker/2.1.1/snowy/braker.pl line 1068, <GENOME> line 287.
Use of uninitialized value $gLocus in hash element at /sw/bioinfo/braker/2.1.1/snowy/braker.pl line 1071, <GENOME> line 287.
Use of uninitialized value $gLocus in hash element at /sw/bioinfo/braker/2.1.1/snowy/braker.pl line 1068, <GENOME> line 288.
Use of uninitialized value $gLocus in hash element at /sw/bioinfo/braker/2.1.1/snowy/braker.pl line 1071, <GENOME> line 288.
Use of uninitialized value $gLocus in hash element at /sw/bioinfo/braker/2.1.1/snowy/braker.pl line 1068, <GENOME> line 289.
Use of uninitialized value $gLocus in hash element at /sw/bioinfo/braker/2.1.1/snowy/braker.pl line 1071, <GENOME> line 289.
Use of uninitialized value $gLocus in hash element at /sw/bioinfo/braker/2.1.1/snowy/braker.pl line 1068, <GENOME> line 290.
Use of uninitialized value $gLocus in hash element at /sw/bioinfo/braker/2.1.1/snowy/braker.pl line 1071, <GENOME> line 290.
Use of uninitialized value $gLocus in hash element at /sw/bioinfo/braker/2.1.1/snowy/braker.pl line 1068, <GENOME> line 291.
Use of uninitialized value $gLocus in hash element at /sw/bioinfo/braker/2.1.1/snowy/braker.pl line 1071, <GENOME> line 291.
Use of uninitialized value $gLocus in hash element at /sw/bioinfo/braker/2.1.1/snowy/braker.pl line 1068, <GENOME> line 292.
Use of uninitialized value $gLocus in hash element at /sw/bioinfo/braker/2.1.1/snowy/braker.pl line 1071, <GENOME> line 292.
Use of uninitialized value $gLocus in hash element at /sw/bioinfo/braker/2.1.1/snowy/braker.pl line 1068, <GENOME> line 293.
Use of uninitialized value $gLocus in hash element at /sw/bioinfo/braker/2.1.1/snowy/braker.pl line 1071, <GENOME> line 293.
Use of uninitialized value $gLocus in hash element at /sw/bioinfo/braker/2.1.1/snowy/braker.pl line 1068, <GENOME> line 294.
Use of uninitialized value $gLocus in hash element at /sw/bioinfo/braker/2.1.1/snowy/braker.pl line 1071, <GENOME> line 294.
Use of uninitialized value $gLocus in hash element at /sw/bioinfo/braker/2.1.1/snowy/braker.pl line 1068, <GENOME> line 295.
Use of uninitialized value $gLocus in hash element at /sw/bioinfo/braker/2.1.1/snowy/braker.pl line 1071, <GENOME> line 295.
Use of uninitialized value $gLocus in hash element at /sw/bioinfo/braker/2.1.1/snowy/braker.pl line 1068, <GENOME> line 296.
Use of uninitialized value $gLocus in hash element at /sw/bioinfo/braker/2.1.1/snowy/braker.pl line 1071, <GENOME> line 296.
Use of uninitialized value $gLocus in hash element at /sw/bioinfo/braker/2.1.1/snowy/braker.pl line 1068, <GENOME> line 297.
Use of uninitialized value $gLocus in hash element at /sw/bioinfo/braker/2.1.1/snowy/braker.pl line 1071, <GENOME> line 297.
Use of uninitialized value $gLocus in hash element at /sw/bioinfo/braker/2.1.1/snowy/braker.pl line 1068, <GENOME> line 298.
Use of uninitialized value $gLocus in hash element at /sw/bioinfo/braker/2.1.1/snowy/braker.pl line 1071, <GENOME> line 298.
Use of uninitialized value $gLocus in hash element at /sw/bioinfo/braker/2.1.1/snowy/braker.pl line 1068, <GENOME> line 299.
Use of uninitialized value $gLocus in hash element at /sw/bioinfo/braker/2.1.1/snowy/braker.pl line 1071, <GENOME> line 299.
Use of uninitialized value $gLocus in hash element at /sw/bioinfo/braker/2.1.1/snowy/braker.pl line 1068, <GENOME> line 300.
Use of uninitialized value $gLocus in hash element at /sw/bioinfo/braker/2.1.1/snowy/braker.pl line 1071, <GENOME> line 300.
Use of uninitialized value $gLocus in hash element at /sw/bioinfo/braker/2.1.1/snowy/braker.pl line 1068, <GENOME> line 301.
Use of uninitialized value $gLocus in hash element at /sw/bioinfo/braker/2.1.1/snowy/braker.pl line 1071, <GENOME> line 301.
Use of uninitialized value $gLocus in hash element at /sw/bioinfo/braker/2.1.1/snowy/braker.pl line 1068, <GENOME> line 302.
Use of uninitialized value $gLocus in hash element at /sw/bioinfo/braker/2.1.1/snowy/braker.pl line 1071, <GENOME> line 302.
Use of uninitialized value $gLocus in hash element at /sw/bioinfo/braker/2.1.1/snowy/braker.pl line 1068, <GENOME> line 303.
Use of uninitialized value $gLocus in hash element at /sw/bioinfo/braker/2.1.1/snowy/braker.pl line 1071, <GENOME> line 303.
Use of uninitialized value $gLocus in hash element at /sw/bioinfo/braker/2.1.1/snowy/braker.pl line 1068, <GENOME> line 304.
Use of uninitialized value $gLocus in hash element at /sw/bioinfo/braker/2.1.1/snowy/braker.pl line 1071, <GENOME> line 304.
Use of uninitialized value $gLocus in hash element at /sw/bioinfo/braker/2.1.1/snowy/braker.pl line 1068, <GENOME> line 305.
Use of uninitialized value $gLocus in hash element at /sw/bioinfo/braker/2.1.1/snowy/braker.pl line 1071, <GENOME> line 305.
Use of uninitialized value $gLocus in hash element at /sw/bioinfo/braker/2.1.1/snowy/braker.pl line 1068, <GENOME> line 306.
Use of uninitialized value $gLocus in hash element at /sw/bioinfo/braker/2.1.1/snowy/braker.pl line 1071, <GENOME> line 306.
Use of uninitialized value $gLocus in hash element at /sw/bioinfo/braker/2.1.1/snowy/braker.pl line 1068, <GENOME> line 307.
Use of uninitialized value $gLocus in hash element at /sw/bioinfo/braker/2.1.1/snowy/braker.pl line 1071, <GENOME> line 307.
Use of uninitialized value $gLocus in hash element at /sw/bioinfo/braker/2.1.1/snowy/braker.pl line 1068, <GENOME> line 308.
Use of uninitialized value $gLocus in hash element at /sw/bioinfo/braker/2.1.1/snowy/braker.pl line 1071, <GENOME> line 308.
Use of uninitialized value $gLocus in hash element at /sw/bioinfo/braker/2.1.1/snowy/braker.pl line 1068, <GENOME> line 309.
Use of uninitialized value $gLocus in hash element at /sw/bioinfo/braker/2.1.1/snowy/braker.pl line 1071, <GENOME> line 309.
Use of uninitialized value $gLocus in hash element at /sw/bioinfo/braker/2.1.1/snowy/braker.pl line 1068, <GENOME> line 310.
Use of uninitialized value $gLocus in hash element at /sw/bioinfo/braker/2.1.1/snowy/braker.pl line 1071, <GENOME> line 310.
Use of uninitialized value $gLocus in hash element at /sw/bioinfo/braker/2.1.1/snowy/braker.pl line 1068, <GENOME> line 311.
Use of uninitialized value $gLocus in hash element at /sw/bioinfo/braker/2.1.1/snowy/braker.pl line 1071, <GENOME> line 311.
Use of uninitialized value $gLocus in hash element at /sw/bioinfo/braker/2.1.1/snowy/braker.pl line 1068, <GENOME> line 312.
Use of uninitialized value $gLocus in hash element at /sw/bioinfo/braker/2.1.1/snowy/braker.pl line 1071, <GENOME> line 312.
Use of uninitialized value $gLocus in hash element at /sw/bioinfo/braker/2.1.1/snowy/braker.pl line 1068, <GENOME> line 313.
Use of uninitialized value $gLocus in hash element at /sw/bioinfo/braker/2.1.1/snowy/braker.pl line 1071, <GENOME> line 313.
Use of uninitialized value $gLocus in hash element at /sw/bioinfo/braker/2.1.1/snowy/braker.pl line 1068, <GENOME> line 314.
Use of uninitialized value $gLocus in hash element at /sw/bioinfo/braker/2.1.1/snowy/braker.pl line 1071, <GENOME> line 314.
Use of uninitialized value $gLocus in hash element at /sw/bioinfo/braker/2.1.1/snowy/braker.pl line 1068, <GENOME> line 315.
Use of uninitialized value $gLocus in hash element at /sw/bioinfo/braker/2.1.1/snowy/braker.pl line 1071, <GENOME> line 315.
Use of uninitialized value $gLocus in hash element at /sw/bioinfo/braker/2.1.1/snowy/braker.pl line 1068, <GENOME> line 316.
Use of uninitialized value $gLocus in hash element at /sw/bioinfo/braker/2.1.1/snowy/braker.pl line 1071, <GENOME> line 316.
Use of uninitialized value $gLocus in hash element at /sw/bioinfo/braker/2.1.1/snowy/braker.pl line 1068, <GENOME> line 317.
Use of uninitialized value $gLocus in hash element at /sw/bioinfo/braker/2.1.1/snowy/braker.pl line 1071, <GENOME> line 317.
Use of uninitialized value $gLocus in hash element at /sw/bioinfo/braker/2.1.1/snowy/braker.pl line 1068, <GENOME> line 318.
Use of uninitialized value $gLocus in hash element at /sw/bioinfo/braker/2.1.1/snowy/braker.pl line 1071, <GENOME> line 318.
Use of uninitialized value $gLocus in hash element at /sw/bioinfo/braker/2.1.1/snowy/braker.pl line 1068, <GENOME> line 319.
Use of uninitialized value $gLocus in hash element at /sw/bioinfo/braker/2.1.1/snowy/braker.pl line 1071, <GENOME> line 319.
Use of uninitialized value $gLocus in hash element at /sw/bioinfo/braker/2.1.1/snowy/braker.pl line 1068, <GENOME> line 320.
Use of uninitialized value $gLocus in hash element at /sw/bioinfo/braker/2.1.1/snowy/braker.pl line 1071, <GENOME> line 320.
Use of uninitialized value $gLocus in hash element at /sw/bioinfo/braker/2.1.1/snowy/braker.pl line 1068, <GENOME> line 321.
Use of uninitialized value $gLocus in hash element at /sw/bioinfo/braker/2.1.1/snowy/braker.pl line 1071, <GENOME> line 321.
Use of uninitialized value $gLocus in hash element at /sw/bioinfo/braker/2.1.1/snowy/braker.pl line 1068, <GENOME> line 322.
Use of uninitialized value $gLocus in hash element at /sw/bioinfo/braker/2.1.1/snowy/braker.pl line 1071, <GENOME> line 322.
Use of uninitialized value $gLocus in hash element at /sw/bioinfo/braker/2.1.1/snowy/braker.pl line 1068, <GENOME> line 323.
Use of uninitialized value $gLocus in hash element at /sw/bioinfo/braker/2.1.1/snowy/braker.pl line 1071, <GENOME> line 323.
Use of uninitialized value $gLocus in hash element at /sw/bioinfo/braker/2.1.1/snowy/braker.pl line 1068, <GENOME> line 324.
Use of uninitialized value $gLocus in hash element at /sw/bioinfo/braker/2.1.1/snowy/braker.pl line 1071, <GENOME> line 324.
Use of uninitialized value $gLocus in hash element at /sw/bioinfo/braker/2.1.1/snowy/braker.pl line 1068, <GENOME> line 325.
Use of uninitialized value $gLocus in hash element at /sw/bioinfo/braker/2.1.1/snowy/braker.pl line 1071, <GENOME> line 325.
Use of uninitialized value $gLocus in hash element at /sw/bioinfo/braker/2.1.1/snowy/braker.pl line 1068, <GENOME> line 326.
Use of uninitialized value $gLocus in hash element at /sw/bioinfo/braker/2.1.1/snowy/braker.pl line 1071, <GENOME> line 326.
Use of uninitialized value $gLocus in hash element at /sw/bioinfo/braker/2.1.1/snowy/braker.pl line 1068, <GENOME> line 327.
Use of uninitialized value $gLocus in hash element at /sw/bioinfo/braker/2.1.1/snowy/braker.pl line 1071, <GENOME> line 327.
Use of uninitialized value $gLocus in hash element at /sw/bioinfo/braker/2.1.1/snowy/braker.pl line 1068, <GENOME> line 328.
Use of uninitialized value $gLocus in hash element at /sw/bioinfo/braker/2.1.1/snowy/braker.pl line 1071, <GENOME> line 328.
Use of uninitialized value $gLocus in hash element at /sw/bioinfo/braker/2.1.1/snowy/braker.pl line 1068, <GENOME> line 329.
Use of uninitialized value $gLocus in hash element at /sw/bioinfo/braker/2.1.1/snowy/braker.pl line 1071, <GENOME> line 329.
Use of uninitialized value $gLocus in hash element at /sw/bioinfo/braker/2.1.1/snowy/braker.pl line 1068, <GENOME> line 330.
Use of uninitialized value $gLocus in hash element at /sw/bioinfo/braker/2.1.1/snowy/braker.pl line 1071, <GENOME> line 330.
Use of uninitialized value $gLocus in hash element at /sw/bioinfo/braker/2.1.1/snowy/braker.pl line 1068, <GENOME> line 331.
Use of uninitialized value $gLocus in hash element at /sw/bioinfo/braker/2.1.1/snowy/braker.pl line 1071, <GENOME> line 331.
Use of uninitialized value $gLocus in hash element at /sw/bioinfo/braker/2.1.1/snowy/braker.pl line 1068, <GENOME> line 332.
Use of uninitialized value $gLocus in hash element at /sw/bioinfo/braker/2.1.1/snowy/braker.pl line 1071, <GENOME> line 332.
Use of uninitialized value $gLocus in hash element at /sw/bioinfo/braker/2.1.1/snowy/braker.pl line 1068, <GENOME> line 333.
Use of uninitialized value $gLocus in hash element at /sw/bioinfo/braker/2.1.1/snowy/braker.pl line 1071, <GENOME> line 333.
Use of uninitialized value $gLocus in hash element at /sw/bioinfo/braker/2.1.1/snowy/braker.pl line 1068, <GENOME> line 334.
Use of uninitialized value $gLocus in hash element at /sw/bioinfo/braker/2.1.1/snowy/braker.pl line 1071, <GENOME> line 334.
Use of uninitialized value $gLocus in hash element at /sw/bioinfo/braker/2.1.1/snowy/braker.pl line 1068, <GENOME> line 335.
Use of uninitialized value $gLocus in hash element at /sw/bioinfo/braker/2.1.1/snowy/braker.pl line 1071, <GENOME> line 335.
Use of uninitialized value $gLocus in hash element at /sw/bioinfo/braker/2.1.1/snowy/braker.pl line 1068, <GENOME> line 336.
Use of uninitialized value $gLocus in hash element at /sw/bioinfo/braker/2.1.1/snowy/braker.pl line 1071, <GENOME> line 336.
Use of uninitialized value $gLocus in hash element at /sw/bioinfo/braker/2.1.1/snowy/braker.pl line 1068, <GENOME> line 337.
Use of uninitialized value $gLocus in hash element at /sw/bioinfo/braker/2.1.1/snowy/braker.pl line 1071, <GENOME> line 337.
Use of uninitialized value $gLocus in hash element at /sw/bioinfo/braker/2.1.1/snowy/braker.pl line 1068, <GENOME> line 338.
Use of uninitialized value $gLocus in hash element at /sw/bioinfo/braker/2.1.1/snowy/braker.pl line 1071, <GENOME> line 338.
Use of uninitialized value $gLocus in hash element at /sw/bioinfo/braker/2.1.1/snowy/braker.pl line 1068, <GENOME> line 339.
Use of uninitialized value $gLocus in hash element at /sw/bioinfo/braker/2.1.1/snowy/braker.pl line 1071, <GENOME> line 339.
Use of uninitialized value $gLocus in hash element at /sw/bioinfo/braker/2.1.1/snowy/braker.pl line 1068, <GENOME> line 340.
Use of uninitialized value $gLocus in hash element at /sw/bioinfo/braker/2.1.1/snowy/braker.pl line 1071, <GENOME> line 340.
Use of uninitialized value $gLocus in hash element at /sw/bioinfo/braker/2.1.1/snowy/braker.pl line 1068, <GENOME> line 341.
Use of uninitialized value $gLocus in hash element at /sw/bioinfo/braker/2.1.1/snowy/braker.pl line 1071, <GENOME> line 341.
Use of uninitialized value $gLocus in hash element at /sw/bioinfo/braker/2.1.1/snowy/braker.pl line 1068, <GENOME> line 342.
Use of uninitialized value $gLocus in hash element at /sw/bioinfo/braker/2.1.1/snowy/braker.pl line 1071, <GENOME> line 342.
Use of uninitialized value $gLocus in hash element at /sw/bioinfo/braker/2.1.1/snowy/braker.pl line 1068, <GENOME> line 343.
Use of uninitialized value $gLocus in hash element at /sw/bioinfo/braker/2.1.1/snowy/braker.pl line 1071, <GENOME> line 343.
Use of uninitialized value $gLocus in hash element at /sw/bioinfo/braker/2.1.1/snowy/braker.pl line 1068, <GENOME> line 344.
Use of uninitialized value $gLocus in hash element at /sw/bioinfo/braker/2.1.1/snowy/braker.pl line 1071, <GENOME> line 344.
Use of uninitialized value $gLocus in hash element at /sw/bioinfo/braker/2.1.1/snowy/braker.pl line 1068, <GENOME> line 345.
Use of uninitialized value $gLocus in hash element at /sw/bioinfo/braker/2.1.1/snowy/braker.pl line 1071, <GENOME> line 345.
Use of uninitialized value $gLocus in hash element at /sw/bioinfo/braker/2.1.1/snowy/braker.pl line 1068, <GENOME> line 346.
Use of uninitialized value $gLocus in hash element at /sw/bioinfo/braker/2.1.1/snowy/braker.pl line 1071, <GENOME> line 346.
Use of uninitialized value $gLocus in hash element at /sw/bioinfo/braker/2.1.1/snowy/braker.pl line 1068, <GENOME> line 347.
Use of uninitialized value $gLocus in hash element at /sw/bioinfo/braker/2.1.1/snowy/braker.pl line 1071, <GENOME> line 347.
Use of uninitialized value $gLocus in hash element at /sw/bioinfo/braker/2.1.1/snowy/braker.pl line 1068, <GENOME> line 348.
Use of uninitialized value $gLocus in hash element at /sw/bioinfo/braker/2.1.1/snowy/braker.pl line 1071, <GENOME> line 348.
Use of uninitialized value $gLocus in hash element at /sw/bioinfo/braker/2.1.1/snowy/braker.pl line 1068, <GENOME> line 349.
Use of uninitialized value $gLocus in hash element at /sw/bioinfo/braker/2.1.1/snowy/braker.pl line 1071, <GENOME> line 349.
Use of uninitialized value $gLocus in hash element at /sw/bioinfo/braker/2.1.1/snowy/braker.pl line 1068, <GENOME> line 350.
Use of uninitialized value $gLocus in hash element at /sw/bioinfo/braker/2.1.1/snowy/braker.pl line 1071, <GENOME> line 350.
Use of uninitialized value $gLocus in hash element at /sw/bioinfo/braker/2.1.1/snowy/braker.pl line 1068, <GENOME> line 351.
Use of uninitialized value $gLocus in hash element at /sw/bioinfo/braker/2.1.1/snowy/braker.pl line 1071, <GENOME> line 351.
Use of uninitialized value $gLocus in hash element at /sw/bioinfo/braker/2.1.1/snowy/braker.pl line 1068, <GENOME> line 352.
Use of uninitialized value $gLocus in hash element at /sw/bioinfo/braker/2.1.1/snowy/braker.pl line 1071, <GENOME> line 352.
Use of uninitialized value $gLocus in hash element at /sw/bioinfo/braker/2.1.1/snowy/braker.pl line 1068, <GENOME> line 353.
Use of uninitialized value $gLocus in hash element at /sw/bioinfo/braker/2.1.1/snowy/braker.pl line 1071, <GENOME> line 353.
Use of uninitialized value $gLocus in hash element at /sw/bioinfo/braker/2.1.1/snowy/braker.pl line 1068, <GENOME> line 354.
Use of uninitialized value $gLocus in hash element at /sw/bioinfo/braker/2.1.1/snowy/braker.pl line 1071, <GENOME> line 354.
Use of uninitialized value $gLocus in hash element at /sw/bioinfo/braker/2.1.1/snowy/braker.pl line 1068, <GENOME> line 355.
Use of uninitialized value $gLocus in hash element at /sw/bioinfo/braker/2.1.1/snowy/braker.pl line 1071, <GENOME> line 355.
Use of uninitialized value $gLocus in hash element at /sw/bioinfo/braker/2.1.1/snowy/braker.pl line 1068, <GENOME> line 356.
Use of uninitialized value $gLocus in hash element at /sw/bioinfo/braker/2.1.1/snowy/braker.pl line 1071, <GENOME> line 356.
Use of uninitialized value $gLocus in hash element at /sw/bioinfo/braker/2.1.1/snowy/braker.pl line 1068, <GENOME> line 357.
Use of uninitialized value $gLocus in hash element at /sw/bioinfo/braker/2.1.1/snowy/braker.pl line 1071, <GENOME> line 357.
Use of uninitialized value $gLocus in hash element at /sw/bioinfo/braker/2.1.1/snowy/braker.pl line 1068, <GENOME> line 358.
Use of uninitialized value $gLocus in hash element at /sw/bioinfo/braker/2.1.1/snowy/braker.pl line 1071, <GENOME> line 358.
Use of uninitialized value $gLocus in hash element at /sw/bioinfo/braker/2.1.1/snowy/braker.pl line 1068, <GENOME> line 359.
Use of uninitialized value $gLocus in hash element at /sw/bioinfo/braker/2.1.1/snowy/braker.pl line 1071, <GENOME> line 359.
Use of uninitialized value $gLocus in hash element at /sw/bioinfo/braker/2.1.1/snowy/braker.pl line 1068, <GENOME> line 360.
Use of uninitialized value $gLocus in hash element at /sw/bioinfo/braker/2.1.1/snowy/braker.pl line 1071, <GENOME> line 360.
Use of uninitialized value $gLocus in hash element at /sw/bioinfo/braker/2.1.1/snowy/braker.pl line 1068, <GENOME> line 361.
Use of uninitialized value $gLocus in hash element at /sw/bioinfo/braker/2.1.1/snowy/braker.pl line 1071, <GENOME> line 361.
Use of uninitialized value $gLocus in hash element at /sw/bioinfo/braker/2.1.1/snowy/braker.pl line 1068, <GENOME> line 362.
Use of uninitialized value $gLocus in hash element at /sw/bioinfo/braker/2.1.1/snowy/braker.pl line 1071, <GENOME> line 362.
Use of uninitialized value $gLocus in hash element at /sw/bioinfo/braker/2.1.1/snowy/braker.pl line 1068, <GENOME> line 363.
Use of uninitialized value $gLocus in hash element at /sw/bioinfo/braker/2.1.1/snowy/braker.pl line 1071, <GENOME> line 363.
Use of uninitialized value $gLocus in hash element at /sw/bioinfo/braker/2.1.1/snowy/braker.pl line 1068, <GENOME> line 364.
Use of uninitialized value $gLocus in hash element at /sw/bioinfo/braker/2.1.1/snowy/braker.pl line 1071, <GENOME> line 364.
Use of uninitialized value $gLocus in hash element at /sw/bioinfo/braker/2.1.1/snowy/braker.pl line 1068, <GENOME> line 365.
Use of uninitialized value $gLocus in hash element at /sw/bioinfo/braker/2.1.1/snowy/braker.pl line 1071, <GENOME> line 365.
Use of uninitialized value $gLocus in hash element at /sw/bioinfo/braker/2.1.1/snowy/braker.pl line 1068, <GENOME> line 366.
Use of uninitialized value $gLocus in hash element at /sw/bioinfo/braker/2.1.1/snowy/braker.pl line 1071, <GENOME> line 366.
Use of uninitialized value $gLocus in hash element at /sw/bioinfo/braker/2.1.1/snowy/braker.pl line 1068, <GENOME> line 367.
Use of uninitialized value $gLocus in hash element at /sw/bioinfo/braker/2.1.1/snowy/braker.pl line 1071, <GENOME> line 367.
Use of uninitialized value $gLocus in hash element at /sw/bioinfo/braker/2.1.1/snowy/braker.pl line 1068, <GENOME> line 368.
Use of uninitialized value $gLocus in hash element at /sw/bioinfo/braker/2.1.1/snowy/braker.pl line 1071, <GENOME> line 368.
Use of uninitialized value $gLocus in hash element at /sw/bioinfo/braker/2.1.1/snowy/braker.pl line 1068, <GENOME> line 369.
Use of uninitialized value $gLocus in hash element at /sw/bioinfo/braker/2.1.1/snowy/braker.pl line 1071, <GENOME> line 369.
Use of uninitialized value $gLocus in hash element at /sw/bioinfo/braker/2.1.1/snowy/braker.pl line 1068, <GENOME> line 370.
Use of uninitialized value $gLocus in hash element at /sw/bioinfo/braker/2.1.1/snowy/braker.pl line 1071, <GENOME> line 370.
Use of uninitialized value $gLocus in hash element at /sw/bioinfo/braker/2.1.1/snowy/braker.pl line 1068, <GENOME> line 371.
Use of uninitialized value $gLocus in hash element at /sw/bioinfo/braker/2.1.1/snowy/braker.pl line 1071, <GENOME> line 371.
Use of uninitialized value $gLocus in hash element at /sw/bioinfo/braker/2.1.1/snowy/braker.pl line 1068, <GENOME> line 372.
Use of uninitialized value $gLocus in hash element at /sw/bioinfo/braker/2.1.1/snowy/braker.pl line 1071, <GENOME> line 372.
Use of uninitialized value $gLocus in hash element at /sw/bioinfo/braker/2.1.1/snowy/braker.pl line 1068, <GENOME> line 373.
Use of uninitialized value $gLocus in hash element at /sw/bioinfo/braker/2.1.1/snowy/braker.pl line 1071, <GENOME> line 373.
Use of uninitialized value $gLocus in hash element at /sw/bioinfo/braker/2.1.1/snowy/braker.pl line 1068, <GENOME> line 374.
Use of uninitialized value $gLocus in hash element at /sw/bioinfo/braker/2.1.1/snowy/braker.pl line 1071, <GENOME> line 374.
Use of uninitialized value $gLocus in hash element at /sw/bioinfo/braker/2.1.1/snowy/braker.pl line 1068, <GENOME> line 375.
Use of uninitialized value $gLocus in hash element at /sw/bioinfo/braker/2.1.1/snowy/braker.pl line 1071, <GENOME> line 375.
Use of uninitialized value $gLocus in hash element at /sw/bioinfo/braker/2.1.1/snowy/braker.pl line 1068, <GENOME> line 376.
Use of uninitialized value $gLocus in hash element at /sw/bioinfo/braker/2.1.1/snowy/braker.pl line 1071, <GENOME> line 376.
Use of uninitialized value $gLocus in hash element at /sw/bioinfo/braker/2.1.1/snowy/braker.pl line 1068, <GENOME> line 377.
Use of uninitialized value $gLocus in hash element at /sw/bioinfo/braker/2.1.1/snowy/braker.pl line 1071, <GENOME> line 377.
Use of uninitialized value $gLocus in hash element at /sw/bioinfo/braker/2.1.1/snowy/braker.pl line 1068, <GENOME> line 378.
Use of uninitialized value $gLocus in hash element at /sw/bioinfo/braker/2.1.1/snowy/braker.pl line 1071, <GENOME> line 378.
Use of uninitialized value $gLocus in hash element at /sw/bioinfo/braker/2.1.1/snowy/braker.pl line 1068, <GENOME> line 379.
Use of uninitialized value $gLocus in hash element at /sw/bioinfo/braker/2.1.1/snowy/braker.pl line 1071, <GENOME> line 379.
Use of uninitialized value $gLocus in hash element at /sw/bioinfo/braker/2.1.1/snowy/braker.pl line 1068, <GENOME> line 380.
Use of uninitialized value $gLocus in hash element at /sw/bioinfo/braker/2.1.1/snowy/braker.pl line 1071, <GENOME> line 380.
Use of uninitialized value $gLocus in hash element at /sw/bioinfo/braker/2.1.1/snowy/braker.pl line 1068, <GENOME> line 381.
Use of uninitialized value $gLocus in hash element at /sw/bioinfo/braker/2.1.1/snowy/braker.pl line 1071, <GENOME> line 381.
Use of uninitialized value $gLocus in hash element at /sw/bioinfo/braker/2.1.1/snowy/braker.pl line 1068, <GENOME> line 382.
Use of uninitialized value $gLocus in hash element at /sw/bioinfo/braker/2.1.1/snowy/braker.pl line 1071, <GENOME> line 382.
Use of uninitialized value $gLocus in hash element at /sw/bioinfo/braker/2.1.1/snowy/braker.pl line 1068, <GENOME> line 383.
Use of uninitialized value $gLocus in hash element at /sw/bioinfo/braker/2.1.1/snowy/braker.pl line 1071, <GENOME> line 383.
Use of uninitialized value $gLocus in hash element at /sw/bioinfo/braker/2.1.1/snowy/braker.pl line 1068, <GENOME> line 384.
Use of uninitialized value $gLocus in hash element at /sw/bioinfo/braker/2.1.1/snowy/braker.pl line 1071, <GENOME> line 384.
Use of uninitialized value $gLocus in hash element at /sw/bioinfo/braker/2.1.1/snowy/braker.pl line 1068, <GENOME> line 385.
Use of uninitialized value $gLocus in hash element at /sw/bioinfo/braker/2.1.1/snowy/braker.pl line 1071, <GENOME> line 385.
# Mon May  3 16:08:38 2021: ERROR: in file /sw/bioinfo/braker/2.1.1/snowy/braker.pl at line 3966
The hints file is empty. Maybe the genome and the RNA-seq file do not belong together.
