May 11 09:56:08 ..... started STAR run
May 11 09:56:08 ... starting to generate Genome files
May 11 09:56:09 ... starting to sort Suffix Array. This may take a long time...
May 11 09:56:09 ... sorting Suffix Array chunks and saving them to disk...
May 11 09:56:16 ... loading chunks from disk, packing SA...
May 11 09:56:16 ... finished generating suffix array
May 11 09:56:16 ... generating Suffix Array index
May 11 09:56:18 ... completed Suffix Array index
May 11 09:56:18 ... writing Genome to disk ...
May 11 09:56:18 ... writing Suffix Array to disk ...
May 11 09:56:20 ... writing SAindex to disk
May 11 09:56:20 ..... finished successfully
/var/spool/slurmd/job4693214/slurm_script: line 24: --sjdbGTFfile: command not found
/var/spool/slurmd/job4693214/slurm_script: line 25: --sjdbOverhang: command not found
May 11 09:56:20 ..... started STAR run
May 11 09:56:20 ..... loading genome
May 11 09:56:20 ..... started mapping
May 11 09:57:18 ..... finished mapping
May 11 09:57:18 ..... started sorting BAM
May 11 09:57:28 ..... finished successfully
May 11 09:57:28 ..... started STAR run
May 11 09:57:28 ..... loading genome
May 11 09:57:29 ..... started mapping
May 11 09:57:59 ..... finished mapping
May 11 09:57:59 ..... started sorting BAM
May 11 09:58:04 ..... finished successfully
