canu/2.0 has the useGrid option default set to useGrid=false. This can be overriden by another configuration file or a command-line option.
-- Canu 2.0
--
-- Detected Java(TM) Runtime Environment '1.8.0_151' (from '/sw/comp/java/x86_64/sun_jdk1.8.0_151/bin/java') with -d64 support.
-- Detected gnuplot version '4.6 patchlevel 2   ' (from 'gnuplot') and image format 'png'.
-- Detected 16 CPUs and 126 gigabytes of memory.
-- Detected Slurm with 'sinfo' binary in /usr/bin/sinfo.
-- Grid engine and staging disabled per useGrid=false option.
--
--                                (tag)Concurrency
--                         (tag)Threads          |
--                (tag)Memory         |          |
--        (tag)             |         |          |       total usage      algorithm
--        -------  ----------  --------   --------  --------------------  -----------------------------
-- Local: meryl     12.000 GB    4 CPUs x   4 jobs    48.000 GB  16 CPUs  (k-mer counting)
-- Local: hap        8.000 GB    4 CPUs x   4 jobs    32.000 GB  16 CPUs  (read-to-haplotype assignment)
-- Local: cormhap    6.000 GB   16 CPUs x   1 job      6.000 GB  16 CPUs  (overlap detection with mhap)
-- Local: obtovl     4.000 GB    8 CPUs x   2 jobs     8.000 GB  16 CPUs  (overlap detection)
-- Local: utgovl     4.000 GB    8 CPUs x   2 jobs     8.000 GB  16 CPUs  (overlap detection)
-- Local: cor        8.000 GB    4 CPUs x   4 jobs    32.000 GB  16 CPUs  (read correction)
-- Local: ovb        4.000 GB    1 CPU  x  16 jobs    64.000 GB  16 CPUs  (overlap store bucketizer)
-- Local: ovs        8.000 GB    1 CPU  x  15 jobs   120.000 GB  15 CPUs  (overlap store sorting)
-- Local: red       16.000 GB    4 CPUs x   4 jobs    64.000 GB  16 CPUs  (read error detection)
-- Local: oea        8.000 GB    1 CPU  x  15 jobs   120.000 GB  15 CPUs  (overlap error adjustment)
-- Local: bat       16.000 GB    4 CPUs x   1 job     16.000 GB   4 CPUs  (contig construction with bogart)
-- Local: cns        -.--- GB    4 CPUs x   - jobs     -.--- GB   - CPUs  (consensus)
-- Local: gfa       16.000 GB    4 CPUs x   1 job     16.000 GB   4 CPUs  (GFA alignment and processing)
-- WARNING:
-- WARNING:  Option '-pacbio-raw <files>' is deprecated.
-- WARNING:  Use option '-pacbio <files>' in the future.
-- WARNING:
--
-- Found untrimmed raw PacBio CLR reads in the input files.
--
-- Generating assembly '01_canuassembly' in '/domus/h1/allu5328/Documents/genome_analysis/project/Analyses/01_canu_assembly/02_canu_assembly':
--    - correct raw reads.
--    - trim corrected reads.
--    - assemble corrected and trimmed reads.
--
-- Parameters:
--
--  genomeSize        24000000
--
--  Overlap Generation Limits:
--    corOvlErrorRate 0.2400 ( 24.00%)
--    obtOvlErrorRate 0.0450 (  4.50%)
--    utgOvlErrorRate 0.0450 (  4.50%)
--
--  Overlap Processing Limits:
--    corErrorRate    0.3000 ( 30.00%)
--    obtErrorRate    0.0450 (  4.50%)
--    utgErrorRate    0.0450 (  4.50%)
--    cnsErrorRate    0.0750 (  7.50%)
--
--
-- BEGIN CORRECTION
--
----------------------------------------
-- Starting command on Mon Apr 12 13:07:02 2021 with 18889.239 GB free disk space

    cd .
    ./01_canuassembly.seqStore.sh \
    > ./01_canuassembly.seqStore.err 2>&1

-- Finished on Mon Apr 12 13:07:47 2021 (45 seconds) with 18892.818 GB free disk space
----------------------------------------
----------------------------------------
-- Starting command on Mon Apr 12 13:07:47 2021 with 18892.81 GB free disk space

    cd .
    /sw/bioinfo/canu/2.0/rackham/Linux-amd64/bin/sqStoreDumpMetaData \
      -S ./01_canuassembly.seqStore \
      -raw \
      -histogram \
      -lengths \
    > ./01_canuassembly.seqStore/readlengths-cor.dat \
    2> ./01_canuassembly.seqStore/readlengths-cor.err 
    

-- Finished on Mon Apr 12 13:07:47 2021 (lickety-split) with 18892.791 GB free disk space
----------------------------------------
----------------------------------------
-- Starting command on Mon Apr 12 13:07:48 2021 with 18892.379 GB free disk space

    cd .
    /sw/bioinfo/canu/2.0/rackham/Linux-amd64/bin/sqStoreDumpMetaData \
      -S ./01_canuassembly.seqStore \
      -raw \
      -histogram \
    > ./01_canuassembly.seqStore/readlengths-cor.txt \
    2> ./01_canuassembly.seqStore/readlengths-cor.err 
    

-- Finished on Mon Apr 12 13:07:48 2021 (lickety-split) with 18892.363 GB free disk space
----------------------------------------
--
-- In sequence store './01_canuassembly.seqStore':
--   Found 245450 reads.
--   Found 1872884302 bases (78.03 times coverage).
--    
--    G=1872884302                       sum of  ||               length     num
--    NG         length     index       lengths  ||                range    seqs
--    ----- ------------ --------- ------------  ||  ------------------- -------
--    00010        17226      9085    187298729  ||       1000-1891        17569|----------------------------------------------------------
--    00020        14175     21169    374586998  ||       1892-2783        17842|-----------------------------------------------------------
--    00030        12275     35417    561872695  ||       2784-3675        19150|---------------------------------------------------------------
--    00040        10917     51626    749158226  ||       3676-4567        18888|---------------------------------------------------------------
--    00050         9782     69760    936447519  ||       4568-5459        18362|-------------------------------------------------------------
--    00060         8701     90047   1123731743  ||       5460-6351        17540|----------------------------------------------------------
--    00070         7528    113125   1311024605  ||       6352-7243        17441|----------------------------------------------------------
--    00080         6122    140571   1498310393  ||       7244-8135        17438|----------------------------------------------------------
--    00090         4355    176413   1685599797  ||       8136-9027        17560|----------------------------------------------------------
--    00100         1000    245449   1872884302  ||       9028-9919        16300|------------------------------------------------------
--    001.000x              245450   1872884302  ||       9920-10811       14291|------------------------------------------------
--                                               ||      10812-11703       11480|--------------------------------------
--                                               ||      11704-12595        9102|------------------------------
--                                               ||      12596-13487        7031|------------------------
--                                               ||      13488-14379        5455|------------------
--                                               ||      14380-15271        4337|---------------
--                                               ||      15272-16163        3405|------------
--                                               ||      16164-17055        2707|---------
--                                               ||      17056-17947        2214|--------
--                                               ||      17948-18839        1754|------
--                                               ||      18840-19731        1282|-----
--                                               ||      19732-20623        1003|----
--                                               ||      20624-21515         729|---
--                                               ||      21516-22407         597|--
--                                               ||      22408-23299         475|--
--                                               ||      23300-24191         335|--
--                                               ||      24192-25083         249|-
--                                               ||      25084-25975         209|-
--                                               ||      25976-26867         158|-
--                                               ||      26868-27759         146|-
--                                               ||      27760-28651          79|-
--                                               ||      28652-29543          74|-
--                                               ||      29544-30435          52|-
--                                               ||      30436-31327          38|-
--                                               ||      31328-32219          43|-
--                                               ||      32220-33111          25|-
--                                               ||      33112-34003          18|-
--                                               ||      34004-34895          22|-
--                                               ||      34896-35787          17|-
--                                               ||      35788-36679          11|-
--                                               ||      36680-37571           6|-
--                                               ||      37572-38463           2|-
--                                               ||      38464-39355           3|-
--                                               ||      39356-40247           4|-
--                                               ||      40248-41139           1|-
--                                               ||      41140-42031           2|-
--                                               ||      42032-42923           2|-
--                                               ||      42924-43815           0|
--                                               ||      43816-44707           0|
--                                               ||      44708-45599           2|-
--    
-- New report created.
----------------------------------------
-- Starting command on Mon Apr 12 13:07:48 2021 with 18892.352 GB free disk space

    cd correction/0-mercounts
    ./meryl-configure.sh \
    > ./meryl-configure.err 2>&1

-- Finished on Mon Apr 12 13:07:49 2021 (one second) with 18892.169 GB free disk space
----------------------------------------
--  segments   memory batches
--  -------- -------- -------
--        01  4.00 GB       1
--        02  2.00 GB       1
--        04  1.00 GB       1
--        06  0.81 GB       1
--        08  0.62 GB       1
--        12  0.44 GB       1
--        16  0.31 GB       1
--
--  For 245450 reads with 1872884302 bases, limit to 18 batches.
--  Will count kmers using 01 jobs, each using 6 GB and 4 threads.
--
-- Report changed.
-- Finished stage 'merylConfigure', reset canuIteration.
-- No change in report.
--
-- Running jobs.  First attempt out of 2.
----------------------------------------
-- Starting 'meryl' concurrent execution on Mon Apr 12 13:07:49 2021 with 18892.159 GB free disk space (1 processes; 4 concurrently)

    cd correction/0-mercounts
    ./meryl-count.sh 1 > ./meryl-count.000001.out 2>&1

-- Finished on Mon Apr 12 13:12:19 2021 (270 seconds) with 18938.754 GB free disk space
----------------------------------------
-- Found 1 Kmer counting (meryl) outputs.
-- No change in report.
-- Finished stage 'cor-merylCountCheck', reset canuIteration.
-- No change in report.
--
-- Running jobs.  First attempt out of 2.
----------------------------------------
-- Starting 'meryl' concurrent execution on Mon Apr 12 13:12:19 2021 with 18938.738 GB free disk space (1 processes; 4 concurrently)

    cd correction/0-mercounts
    ./meryl-process.sh 1 > ./meryl-process.000001.out 2>&1

-- Finished on Mon Apr 12 13:13:34 2021 (75 seconds) with 18933.148 GB free disk space
----------------------------------------
-- Meryl finished successfully.  Kmer frequency histogram:
--
--  16-mers                                                                                           Fraction
--    Occurrences   NumMers                                                                         Unique Total
--       1-     1         0                                                                        0.0000 0.0000
--       2-     2 112448393 ********************************************************************** 0.4359 0.1487
--       3-     4  74339377 **********************************************                         0.6245 0.2451
--       5-     7  33484350 ********************                                                   0.7844 0.3644
--       8-    11  16999197 **********                                                             0.8762 0.4709
--      12-    16   9047597 *****                                                                  0.9296 0.5642
--      17-    22   4585255 **                                                                     0.9590 0.6379
--      23-    29   2454024 *                                                                      0.9745 0.6911
--      30-    37   1392994                                                                        0.9831 0.7299
--      38-    46    830656                                                                        0.9881 0.7588
--      47-    56    531282                                                                        0.9911 0.7807
--      57-    67    375623                                                                        0.9931 0.7981
--      68-    79    285370                                                                        0.9945 0.8131
--      80-    92    225093                                                                        0.9955 0.8267
--      93-   106    176966                                                                        0.9964 0.8393
--     107-   121    139247                                                                        0.9971 0.8508
--     122-   137    110782                                                                        0.9976 0.8611
--     138-   154     87864                                                                        0.9980 0.8705
--     155-   172     71241                                                                        0.9984 0.8788
--     173-   191     57019                                                                        0.9986 0.8865
--     192-   211     46053                                                                        0.9988 0.8932
--     212-   232     37105                                                                        0.9990 0.8993
--     233-   254     30390                                                                        0.9992 0.9047
--     255-   277     23620                                                                        0.9993 0.9095
--     278-   301     18923                                                                        0.9994 0.9137
--     302-   326     15078                                                                        0.9994 0.9172
--     327-   352     12580                                                                        0.9995 0.9203
--     353-   379     10606                                                                        0.9995 0.9232
--     380-   407      8949                                                                        0.9996 0.9257
--     408-   436      7698                                                                        0.9996 0.9280
--     437-   466      6795                                                                        0.9996 0.9301
--     467-   497      6241                                                                        0.9997 0.9322
--     498-   529      5781                                                                        0.9997 0.9342
--     530-   562      5360                                                                        0.9997 0.9361
--     563-   596      5001                                                                        0.9997 0.9380
--     597-   631      4532                                                                        0.9998 0.9399
--     632-   667      4277                                                                        0.9998 0.9418
--     668-   704      3914                                                                        0.9998 0.9436
--     705-   742      3476                                                                        0.9998 0.9454
--     743-   781      3142                                                                        0.9998 0.9470
--     782-   821      2834                                                                        0.9998 0.9486
--
--           0 (max occurrences)
--  1512878326 (total mers, non-unique)
--   257944032 (distinct mers, non-unique)
--           0 (unique mers)
-- Report changed.
-- Finished stage 'meryl-process', reset canuIteration.
--
-- Removing meryl database 'correction/0-mercounts/01_canuassembly.ms16'.
--
-- OVERLAPPER (mhap) (correction)
--
-- Set corMhapSensitivity=low based on read coverage of 78.
--
-- PARAMETERS: hashes=256, minMatches=3, threshold=0.8
--
-- Given 5.4 GB, can fit 16200 reads per block.
-- For 17 blocks, set stride to 4 blocks.
-- Logging partitioning to 'correction/1-overlapper/partitioning.log'.
-- Configured 16 mhap precompute jobs.
-- Configured 37 mhap overlap jobs.
-- No change in report.
-- Finished stage 'cor-mhapConfigure', reset canuIteration.
-- No change in report.
--
-- Running jobs.  First attempt out of 2.
----------------------------------------
-- Starting 'cormhap' concurrent execution on Mon Apr 12 13:13:36 2021 with 18933.424 GB free disk space (16 processes; 1 concurrently)

    cd correction/1-overlapper
    ./precompute.sh 1 > ./precompute.000001.out 2>&1
    ./precompute.sh 2 > ./precompute.000002.out 2>&1
    ./precompute.sh 3 > ./precompute.000003.out 2>&1
    ./precompute.sh 4 > ./precompute.000004.out 2>&1
    ./precompute.sh 5 > ./precompute.000005.out 2>&1
    ./precompute.sh 6 > ./precompute.000006.out 2>&1
